2017-11-02 09:14:52	http://www.kaifakuai.com/img/kaifakuai_logo.png文件已存在：跳过
2017-11-02 09:14:52	http://www.kaifakuai.com/img/mianfei_kaifanban.png文件已存在：跳过
2017-11-02 09:14:52	http://www.kaifakuai.com/img/bannner527.png文件已存在：跳过
2017-11-02 09:14:52	http://www.kaifakuai.com/img/banner1.png文件已存在：跳过
2017-11-02 09:14:52	http://www.kaifakuai.com/img/banner517.png文件已存在：跳过
2017-11-02 09:14:52	http://www.kaifakuai.com/img/banner2.png文件已存在：跳过
2017-11-02 09:14:52	http://www.kaifakuai.com/img/cp_free_img.png文件已存在：跳过
2017-11-02 09:14:52	http://www.kaifakuai.com/img/anli_1.png文件已存在：跳过
2017-11-02 09:14:52	http://www.kaifakuai.com/img/anli_2.png文件已存在：跳过
2017-11-02 09:14:52	http://www.kaifakuai.com/img/anli_3.png文件已存在：跳过
2017-11-02 09:14:52	http://www.kaifakuai.com/img/anli_4.png文件已存在：跳过
2017-11-02 09:14:52	http://www.kaifakuai.com/img/dingzhi_zx1.png文件已存在：跳过
2017-11-02 09:14:52	http://www.kaifakuai.com/img/dingzhi_zx2.png文件已存在：跳过
2017-11-02 09:14:52	http://www.kaifakuai.com/img/dingzhi_zx3.png文件已存在：跳过
2017-11-02 09:14:52	http://www.kaifakuai.com/img/dingzhi_zx4.png文件已存在：跳过
2017-11-02 09:14:52	http://www.kaifakuai.com/img/dingzhi_zx5.png文件已存在：跳过
2017-11-02 09:14:52	http://www.kaifakuai.com/img/us_fx_1.jpg文件已存在：跳过
2017-11-02 09:14:52	http://www.kaifakuai.com/img/us_fx_2.jpg文件已存在：跳过
2017-11-02 09:14:53	http://www.kaifakuai.com/img/us_fx_3.jpg文件已存在：跳过
2017-11-02 09:14:53	http://www.kaifakuai.com/img/foot_phone.png文件已存在：跳过
2017-11-02 09:14:53	http://www.kaifakuai.com/img/duihuawanwu.png文件已存在：跳过
2017-11-02 09:14:53	http://www.kaifakuai.com/img/kfk_wx.png文件已存在：跳过
2017-11-02 09:16:07	['http://www.kaifakuai.com/img/kaifakuai_logo.png', 'http://www.kaifakuai.com/img/mianfei_kaifanban.png', 'http://www.kaifakuai.com/img/bannner527.png', 'http://www.kaifakuai.com/img/banner1.png', 'http://www.kaifakuai.com/img/banner517.png', 'http://www.kaifakuai.com/img/banner2.png', 'http://www.kaifakuai.com/img/cp_free_img.png', 'http://www.kaifakuai.com/img/anli_1.png', 'http://www.kaifakuai.com/img/anli_2.png', 'http://www.kaifakuai.com/img/anli_3.png', 'http://www.kaifakuai.com/img/anli_4.png', 'http://www.kaifakuai.com/img/dingzhi_zx1.png', 'http://www.kaifakuai.com/img/dingzhi_zx2.png', 'http://www.kaifakuai.com/img/dingzhi_zx3.png', 'http://www.kaifakuai.com/img/dingzhi_zx4.png', 'http://www.kaifakuai.com/img/dingzhi_zx5.png', 'http://www.kaifakuai.com/img/us_fx_1.jpg', 'http://www.kaifakuai.com/img/us_fx_2.jpg', 'http://www.kaifakuai.com/img/us_fx_3.jpg', 'http://www.kaifakuai.com/img/foot_phone.png', 'http://www.kaifakuai.com/img/duihuawanwu.png', 'http://www.kaifakuai.com/img/kfk_wx.png']
2017-11-02 09:19:21	http://www.kaifakuai.com/img/kaifakuai_logo.png文件已存在：跳过
2017-11-02 09:19:21	http://www.kaifakuai.com/img/mianfei_kaifanban.png文件已存在：跳过
2017-11-02 09:19:21	http://www.kaifakuai.com/img/bannner527.png文件已存在：跳过
2017-11-02 09:19:21	http://www.kaifakuai.com/img/banner1.png文件已存在：跳过
2017-11-02 09:19:21	http://www.kaifakuai.com/img/banner517.png文件已存在：跳过
2017-11-02 09:19:21	http://www.kaifakuai.com/img/banner2.png文件已存在：跳过
2017-11-02 09:19:21	http://www.kaifakuai.com/img/cp_free_img.png文件已存在：跳过
2017-11-02 09:19:21	http://www.kaifakuai.com/img/anli_1.png文件已存在：跳过
2017-11-02 09:19:21	http://www.kaifakuai.com/img/anli_2.png文件已存在：跳过
2017-11-02 09:19:21	http://www.kaifakuai.com/img/anli_3.png文件已存在：跳过
2017-11-02 09:19:21	http://www.kaifakuai.com/img/anli_4.png文件已存在：跳过
2017-11-02 09:19:21	http://www.kaifakuai.com/img/dingzhi_zx1.png文件已存在：跳过
2017-11-02 09:19:21	http://www.kaifakuai.com/img/dingzhi_zx2.png文件已存在：跳过
2017-11-02 09:19:21	http://www.kaifakuai.com/img/dingzhi_zx3.png文件已存在：跳过
2017-11-02 09:19:21	http://www.kaifakuai.com/img/dingzhi_zx4.png文件已存在：跳过
2017-11-02 09:19:21	http://www.kaifakuai.com/img/dingzhi_zx5.png文件已存在：跳过
2017-11-02 09:19:21	http://www.kaifakuai.com/img/us_fx_1.jpg文件已存在：跳过
2017-11-02 09:19:21	http://www.kaifakuai.com/img/us_fx_2.jpg文件已存在：跳过
2017-11-02 09:19:22	http://www.kaifakuai.com/img/us_fx_3.jpg文件已存在：跳过
2017-11-02 09:19:22	http://www.kaifakuai.com/img/foot_phone.png文件已存在：跳过
2017-11-02 09:19:22	http://www.kaifakuai.com/img/duihuawanwu.png文件已存在：跳过
2017-11-02 09:19:22	http://www.kaifakuai.com/img/kfk_wx.png文件已存在：跳过
2017-11-02 09:22:41	http://www.kaifakuai.com/img/kaifakuai_logo.png文件已存在：跳过
2017-11-02 09:22:41	http://www.kaifakuai.com/img/mianfei_kaifanban.png文件已存在：跳过
2017-11-02 09:22:41	http://www.kaifakuai.com/img/bannner527.png文件已存在：跳过
2017-11-02 09:22:41	http://www.kaifakuai.com/img/banner1.png文件已存在：跳过
2017-11-02 09:22:41	http://www.kaifakuai.com/img/banner517.png文件已存在：跳过
2017-11-02 09:22:41	http://www.kaifakuai.com/img/banner2.png文件已存在：跳过
2017-11-02 09:22:41	http://www.kaifakuai.com/img/cp_free_img.png文件已存在：跳过
2017-11-02 09:22:41	http://www.kaifakuai.com/img/anli_1.png文件已存在：跳过
2017-11-02 09:22:41	http://www.kaifakuai.com/img/anli_2.png文件已存在：跳过
2017-11-02 09:22:41	http://www.kaifakuai.com/img/anli_3.png文件已存在：跳过
2017-11-02 09:22:41	http://www.kaifakuai.com/img/anli_4.png文件已存在：跳过
2017-11-02 09:22:41	http://www.kaifakuai.com/img/dingzhi_zx1.png文件已存在：跳过
2017-11-02 09:22:41	http://www.kaifakuai.com/img/dingzhi_zx2.png文件已存在：跳过
2017-11-02 09:22:41	http://www.kaifakuai.com/img/dingzhi_zx3.png文件已存在：跳过
2017-11-02 09:22:42	http://www.kaifakuai.com/img/dingzhi_zx4.png文件已存在：跳过
2017-11-02 09:22:42	http://www.kaifakuai.com/img/dingzhi_zx5.png文件已存在：跳过
2017-11-02 09:22:42	http://www.kaifakuai.com/img/us_fx_1.jpg文件已存在：跳过
2017-11-02 09:22:42	http://www.kaifakuai.com/img/us_fx_2.jpg文件已存在：跳过
2017-11-02 09:22:42	http://www.kaifakuai.com/img/us_fx_3.jpg文件已存在：跳过
2017-11-02 09:22:42	http://www.kaifakuai.com/img/foot_phone.png文件已存在：跳过
2017-11-02 09:22:42	http://www.kaifakuai.com/img/duihuawanwu.png文件已存在：跳过
2017-11-02 09:22:42	http://www.kaifakuai.com/img/kfk_wx.png文件已存在：跳过
2017-11-02 11:21:28	http://www.kaifakuai.com
2017-11-02 11:21:46	http://www.kaifakuai.com
2017-11-02 11:22:01	http://www.kaifakuai.com
2017-11-02 11:22:01	http://www.kaifakuai.com/img/kaifakuai_logo.png文件已存在：跳过
2017-11-02 11:22:01	http://www.kaifakuai.com/img/mianfei_kaifanban.png文件已存在：跳过
2017-11-02 11:22:01	http://www.kaifakuai.com/img/bannner527.png文件已存在：跳过
2017-11-02 11:22:01	http://www.kaifakuai.com/img/banner1.png文件已存在：跳过
2017-11-02 11:22:01	http://www.kaifakuai.com/img/banner517.png文件已存在：跳过
2017-11-02 11:22:02	http://www.kaifakuai.com/img/banner2.png文件已存在：跳过
2017-11-02 11:22:02	http://www.kaifakuai.com/img/cp_free_img.png文件已存在：跳过
2017-11-02 11:22:02	http://www.kaifakuai.com/img/anli_1.png文件已存在：跳过
2017-11-02 11:22:02	http://www.kaifakuai.com/img/anli_2.png文件已存在：跳过
2017-11-02 11:22:02	http://www.kaifakuai.com/img/anli_3.png文件已存在：跳过
2017-11-02 11:22:02	http://www.kaifakuai.com/img/anli_4.png文件已存在：跳过
2017-11-02 11:22:02	http://www.kaifakuai.com/img/dingzhi_zx1.png文件已存在：跳过
2017-11-02 11:22:02	http://www.kaifakuai.com/img/dingzhi_zx2.png文件已存在：跳过
2017-11-02 11:22:02	http://www.kaifakuai.com/img/dingzhi_zx3.png文件已存在：跳过
2017-11-02 11:22:02	http://www.kaifakuai.com/img/dingzhi_zx4.png文件已存在：跳过
2017-11-02 11:22:02	http://www.kaifakuai.com/img/dingzhi_zx5.png文件已存在：跳过
2017-11-02 11:22:02	http://www.kaifakuai.com/img/us_fx_1.jpg文件已存在：跳过
2017-11-02 11:22:02	http://www.kaifakuai.com/img/us_fx_2.jpg文件已存在：跳过
2017-11-02 11:22:02	http://www.kaifakuai.com/img/us_fx_3.jpg文件已存在：跳过
2017-11-02 11:22:02	http://www.kaifakuai.com/img/foot_phone.png文件已存在：跳过
2017-11-02 11:22:02	http://www.kaifakuai.com/img/duihuawanwu.png文件已存在：跳过
2017-11-02 11:22:02	http://www.kaifakuai.com/img/kfk_wx.png文件已存在：跳过
2017-11-02 11:49:18	http://www.kaifakuai.com
2017-11-02 11:49:19	http://www.kaifakuai.com/img/kaifakuai_logo.png文件已存在：跳过
2017-11-02 11:49:19	http://www.kaifakuai.com/img/mianfei_kaifanban.png文件已存在：跳过
2017-11-02 11:49:19	http://www.kaifakuai.com/img/bannner527.png文件已存在：跳过
2017-11-02 11:49:19	http://www.kaifakuai.com/img/banner1.png文件已存在：跳过
2017-11-02 11:49:19	http://www.kaifakuai.com/img/banner517.png文件已存在：跳过
2017-11-02 11:49:19	http://www.kaifakuai.com/img/banner2.png文件已存在：跳过
2017-11-02 11:49:19	http://www.kaifakuai.com/img/cp_free_img.png文件已存在：跳过
2017-11-02 11:49:19	http://www.kaifakuai.com/img/anli_1.png文件已存在：跳过
2017-11-02 11:49:19	http://www.kaifakuai.com/img/anli_2.png文件已存在：跳过
2017-11-02 11:49:19	http://www.kaifakuai.com/img/anli_3.png文件已存在：跳过
2017-11-02 11:49:20	http://www.kaifakuai.com/img/anli_4.png文件已存在：跳过
2017-11-02 11:49:20	http://www.kaifakuai.com/img/dingzhi_zx1.png文件已存在：跳过
2017-11-02 11:49:20	http://www.kaifakuai.com/img/dingzhi_zx2.png文件已存在：跳过
2017-11-02 11:49:20	http://www.kaifakuai.com/img/dingzhi_zx3.png文件已存在：跳过
2017-11-02 11:49:20	http://www.kaifakuai.com/img/dingzhi_zx4.png文件已存在：跳过
2017-11-02 11:49:20	http://www.kaifakuai.com/img/dingzhi_zx5.png文件已存在：跳过
2017-11-02 11:49:20	http://www.kaifakuai.com/img/us_fx_1.jpg文件已存在：跳过
2017-11-02 11:49:20	http://www.kaifakuai.com/img/us_fx_2.jpg文件已存在：跳过
2017-11-02 11:49:20	http://www.kaifakuai.com/img/us_fx_3.jpg文件已存在：跳过
2017-11-02 11:49:20	http://www.kaifakuai.com/img/foot_phone.png文件已存在：跳过
2017-11-02 11:49:20	http://www.kaifakuai.com/img/duihuawanwu.png文件已存在：跳过
2017-11-02 11:49:20	http://www.kaifakuai.com/img/kfk_wx.png文件已存在：跳过
2017-11-02 11:53:16	http://www.kaifakuai.com
2017-11-02 11:53:37	http://www.kaifakuai.com
2017-11-02 11:55:29	http://www.kaifakuai.com
2017-11-02 11:55:29	http://www.kaifakuai.com/img/kaifakuai_logo.png文件已存在：跳过
2017-11-02 11:55:29	http://www.kaifakuai.com/img/mianfei_kaifanban.png文件已存在：跳过
2017-11-02 11:55:29	http://www.kaifakuai.com/img/bannner527.png文件已存在：跳过
2017-11-02 11:55:30	http://www.kaifakuai.com/img/banner1.png文件已存在：跳过
2017-11-02 11:55:30	http://www.kaifakuai.com/img/banner517.png文件已存在：跳过
2017-11-02 11:55:30	http://www.kaifakuai.com/img/banner2.png文件已存在：跳过
2017-11-02 11:55:30	http://www.kaifakuai.com/img/cp_free_img.png文件已存在：跳过
2017-11-02 11:55:30	http://www.kaifakuai.com/img/anli_1.png文件已存在：跳过
2017-11-02 11:55:30	http://www.kaifakuai.com/img/anli_2.png文件已存在：跳过
2017-11-02 11:55:30	http://www.kaifakuai.com/img/anli_3.png文件已存在：跳过
2017-11-02 11:55:30	http://www.kaifakuai.com/img/anli_4.png文件已存在：跳过
2017-11-02 11:55:30	http://www.kaifakuai.com/img/dingzhi_zx1.png文件已存在：跳过
2017-11-02 11:55:30	http://www.kaifakuai.com/img/dingzhi_zx2.png文件已存在：跳过
2017-11-02 11:55:30	http://www.kaifakuai.com/img/dingzhi_zx3.png文件已存在：跳过
2017-11-02 11:55:30	http://www.kaifakuai.com/img/dingzhi_zx4.png文件已存在：跳过
2017-11-02 11:55:30	http://www.kaifakuai.com/img/dingzhi_zx5.png文件已存在：跳过
2017-11-02 11:55:30	http://www.kaifakuai.com/img/us_fx_1.jpg文件已存在：跳过
2017-11-02 11:55:30	http://www.kaifakuai.com/img/us_fx_2.jpg文件已存在：跳过
2017-11-02 11:55:30	http://www.kaifakuai.com/img/us_fx_3.jpg文件已存在：跳过
2017-11-02 11:55:30	http://www.kaifakuai.com/img/foot_phone.png文件已存在：跳过
2017-11-02 11:55:30	http://www.kaifakuai.com/img/duihuawanwu.png文件已存在：跳过
2017-11-02 11:55:30	http://www.kaifakuai.com/img/kfk_wx.png文件已存在：跳过
2017-11-02 11:55:49	http://www.kaifakuai.com
2017-11-02 11:55:49	http://www.kaifakuai.com/img/kaifakuai_logo.png文件已存在：跳过
2017-11-02 11:55:49	http://www.kaifakuai.com/img/mianfei_kaifanban.png文件已存在：跳过
2017-11-02 11:55:49	http://www.kaifakuai.com/img/bannner527.png文件已存在：跳过
2017-11-02 11:55:49	http://www.kaifakuai.com/img/banner1.png文件已存在：跳过
2017-11-02 11:55:49	http://www.kaifakuai.com/img/banner517.png文件已存在：跳过
2017-11-02 11:55:49	http://www.kaifakuai.com/img/banner2.png文件已存在：跳过
2017-11-02 11:55:49	http://www.kaifakuai.com/img/cp_free_img.png文件已存在：跳过
2017-11-02 11:55:50	http://www.kaifakuai.com/img/anli_1.png文件已存在：跳过
2017-11-02 11:55:50	http://www.kaifakuai.com/img/anli_2.png文件已存在：跳过
2017-11-02 11:55:50	http://www.kaifakuai.com/img/anli_3.png文件已存在：跳过
2017-11-02 11:55:50	http://www.kaifakuai.com/img/anli_4.png文件已存在：跳过
2017-11-02 11:55:50	http://www.kaifakuai.com/img/dingzhi_zx1.png文件已存在：跳过
2017-11-02 11:55:50	http://www.kaifakuai.com/img/dingzhi_zx2.png文件已存在：跳过
2017-11-02 11:55:50	http://www.kaifakuai.com/img/dingzhi_zx3.png文件已存在：跳过
2017-11-02 11:55:50	http://www.kaifakuai.com/img/dingzhi_zx4.png文件已存在：跳过
2017-11-02 11:55:50	http://www.kaifakuai.com/img/dingzhi_zx5.png文件已存在：跳过
2017-11-02 11:55:50	http://www.kaifakuai.com/img/us_fx_1.jpg文件已存在：跳过
2017-11-02 11:55:50	http://www.kaifakuai.com/img/us_fx_2.jpg文件已存在：跳过
2017-11-02 11:55:50	http://www.kaifakuai.com/img/us_fx_3.jpg文件已存在：跳过
2017-11-02 11:55:50	http://www.kaifakuai.com/img/foot_phone.png文件已存在：跳过
2017-11-02 11:55:50	http://www.kaifakuai.com/img/duihuawanwu.png文件已存在：跳过
2017-11-02 11:55:50	http://www.kaifakuai.com/img/kfk_wx.png文件已存在：跳过
2017-11-02 11:56:07	http://www.kaifakuai.com
2017-11-02 11:56:07	http://www.kaifakuai.com/img/kaifakuai_logo.png文件已存在：跳过
2017-11-02 11:56:07	http://www.kaifakuai.com/img/mianfei_kaifanban.png文件已存在：跳过
2017-11-02 11:56:08	http://www.kaifakuai.com/img/bannner527.png文件已存在：跳过
2017-11-02 11:56:08	http://www.kaifakuai.com/img/banner1.png文件已存在：跳过
2017-11-02 11:56:08	http://www.kaifakuai.com/img/banner517.png文件已存在：跳过
2017-11-02 11:56:08	http://www.kaifakuai.com/img/banner2.png文件已存在：跳过
2017-11-02 11:56:08	http://www.kaifakuai.com/img/cp_free_img.png文件已存在：跳过
2017-11-02 11:56:08	http://www.kaifakuai.com/img/anli_1.png文件已存在：跳过
2017-11-02 11:56:08	http://www.kaifakuai.com/img/anli_2.png文件已存在：跳过
2017-11-02 11:56:08	http://www.kaifakuai.com/img/anli_3.png文件已存在：跳过
2017-11-02 11:56:08	http://www.kaifakuai.com/img/anli_4.png文件已存在：跳过
2017-11-02 11:56:08	http://www.kaifakuai.com/img/dingzhi_zx1.png文件已存在：跳过
2017-11-02 11:56:08	http://www.kaifakuai.com/img/dingzhi_zx2.png文件已存在：跳过
2017-11-02 11:56:08	http://www.kaifakuai.com/img/dingzhi_zx3.png文件已存在：跳过
2017-11-02 11:56:08	http://www.kaifakuai.com/img/dingzhi_zx4.png文件已存在：跳过
2017-11-02 11:56:08	http://www.kaifakuai.com/img/dingzhi_zx5.png文件已存在：跳过
2017-11-02 11:56:08	http://www.kaifakuai.com/img/us_fx_1.jpg文件已存在：跳过
2017-11-02 11:56:08	http://www.kaifakuai.com/img/us_fx_2.jpg文件已存在：跳过
2017-11-02 11:56:08	http://www.kaifakuai.com/img/us_fx_3.jpg文件已存在：跳过
2017-11-02 11:56:08	http://www.kaifakuai.com/img/foot_phone.png文件已存在：跳过
2017-11-02 11:56:08	http://www.kaifakuai.com/img/duihuawanwu.png文件已存在：跳过
2017-11-02 11:56:08	http://www.kaifakuai.com/img/kfk_wx.png文件已存在：跳过
2017-11-02 11:56:56	http://www.kaifakuai.com
2017-11-02 11:56:57	http://www.kaifakuai.com/img/kaifakuai_logo.png文件已存在：跳过
2017-11-02 11:56:57	http://www.kaifakuai.com/img/mianfei_kaifanban.png文件已存在：跳过
2017-11-02 11:56:57	http://www.kaifakuai.com/img/bannner527.png文件已存在：跳过
2017-11-02 11:56:57	http://www.kaifakuai.com/img/banner1.png文件已存在：跳过
2017-11-02 11:56:57	http://www.kaifakuai.com/img/banner517.png文件已存在：跳过
2017-11-02 11:56:57	http://www.kaifakuai.com/img/banner2.png文件已存在：跳过
2017-11-02 11:56:57	http://www.kaifakuai.com/img/cp_free_img.png文件已存在：跳过
2017-11-02 11:56:57	http://www.kaifakuai.com/img/anli_1.png文件已存在：跳过
2017-11-02 11:56:57	http://www.kaifakuai.com/img/anli_2.png文件已存在：跳过
2017-11-02 11:56:57	http://www.kaifakuai.com/img/anli_3.png文件已存在：跳过
2017-11-02 11:56:57	http://www.kaifakuai.com/img/anli_4.png文件已存在：跳过
2017-11-02 11:56:58	http://www.kaifakuai.com/img/dingzhi_zx1.png文件已存在：跳过
2017-11-02 11:56:58	http://www.kaifakuai.com/img/dingzhi_zx2.png文件已存在：跳过
2017-11-02 11:56:58	http://www.kaifakuai.com/img/dingzhi_zx3.png文件已存在：跳过
2017-11-02 11:56:58	http://www.kaifakuai.com/img/dingzhi_zx4.png文件已存在：跳过
2017-11-02 11:56:58	http://www.kaifakuai.com/img/dingzhi_zx5.png文件已存在：跳过
2017-11-02 11:56:58	http://www.kaifakuai.com/img/us_fx_1.jpg文件已存在：跳过
2017-11-02 11:56:58	http://www.kaifakuai.com/img/us_fx_2.jpg文件已存在：跳过
2017-11-02 11:56:58	http://www.kaifakuai.com/img/us_fx_3.jpg文件已存在：跳过
2017-11-02 11:56:58	http://www.kaifakuai.com/img/foot_phone.png文件已存在：跳过
2017-11-02 11:56:58	http://www.kaifakuai.com/img/duihuawanwu.png文件已存在：跳过
2017-11-02 11:56:58	http://www.kaifakuai.com/img/kfk_wx.png文件已存在：跳过
2017-11-02 11:57:47	
2017-11-02 11:57:47	http://www.kaifakuai.com
2017-11-02 11:57:48	http://www.kaifakuai.com/img/kaifakuai_logo.png文件已存在：跳过
2017-11-02 11:57:48	http://www.kaifakuai.com/img/mianfei_kaifanban.png文件已存在：跳过
2017-11-02 11:57:48	http://www.kaifakuai.com/img/bannner527.png文件已存在：跳过
2017-11-02 11:57:48	http://www.kaifakuai.com/img/banner1.png文件已存在：跳过
2017-11-02 11:57:48	http://www.kaifakuai.com/img/banner517.png文件已存在：跳过
2017-11-02 11:57:48	http://www.kaifakuai.com/img/banner2.png文件已存在：跳过
2017-11-02 11:57:48	http://www.kaifakuai.com/img/cp_free_img.png文件已存在：跳过
2017-11-02 11:57:48	http://www.kaifakuai.com/img/anli_1.png文件已存在：跳过
2017-11-02 11:57:48	http://www.kaifakuai.com/img/anli_2.png文件已存在：跳过
2017-11-02 11:57:48	http://www.kaifakuai.com/img/anli_3.png文件已存在：跳过
2017-11-02 11:57:48	http://www.kaifakuai.com/img/anli_4.png文件已存在：跳过
2017-11-02 11:57:48	http://www.kaifakuai.com/img/dingzhi_zx1.png文件已存在：跳过
2017-11-02 11:57:48	http://www.kaifakuai.com/img/dingzhi_zx2.png文件已存在：跳过
2017-11-02 11:57:48	http://www.kaifakuai.com/img/dingzhi_zx3.png文件已存在：跳过
2017-11-02 11:57:48	http://www.kaifakuai.com/img/dingzhi_zx4.png文件已存在：跳过
2017-11-02 11:57:48	http://www.kaifakuai.com/img/dingzhi_zx5.png文件已存在：跳过
2017-11-02 11:57:49	http://www.kaifakuai.com/img/us_fx_1.jpg文件已存在：跳过
2017-11-02 11:57:49	http://www.kaifakuai.com/img/us_fx_2.jpg文件已存在：跳过
2017-11-02 11:57:49	http://www.kaifakuai.com/img/us_fx_3.jpg文件已存在：跳过
2017-11-02 11:57:49	http://www.kaifakuai.com/img/foot_phone.png文件已存在：跳过
2017-11-02 11:57:49	http://www.kaifakuai.com/img/duihuawanwu.png文件已存在：跳过
2017-11-02 11:57:49	http://www.kaifakuai.com/img/kfk_wx.png文件已存在：跳过
2017-11-02 11:58:03	http://www.kaifakuai.com
2017-11-02 11:58:03	www.kaifakuai.com
2017-11-02 11:58:03	http://www.kaifakuai.com/img/kaifakuai_logo.png文件已存在：跳过
2017-11-02 11:58:03	http://www.kaifakuai.com/img/mianfei_kaifanban.png文件已存在：跳过
2017-11-02 11:58:03	http://www.kaifakuai.com/img/bannner527.png文件已存在：跳过
2017-11-02 11:58:03	http://www.kaifakuai.com/img/banner1.png文件已存在：跳过
2017-11-02 11:58:03	http://www.kaifakuai.com/img/banner517.png文件已存在：跳过
2017-11-02 11:58:03	http://www.kaifakuai.com/img/banner2.png文件已存在：跳过
2017-11-02 11:58:03	http://www.kaifakuai.com/img/cp_free_img.png文件已存在：跳过
2017-11-02 11:58:03	http://www.kaifakuai.com/img/anli_1.png文件已存在：跳过
2017-11-02 11:58:03	http://www.kaifakuai.com/img/anli_2.png文件已存在：跳过
2017-11-02 11:58:03	http://www.kaifakuai.com/img/anli_3.png文件已存在：跳过
2017-11-02 11:58:03	http://www.kaifakuai.com/img/anli_4.png文件已存在：跳过
2017-11-02 11:58:04	http://www.kaifakuai.com/img/dingzhi_zx1.png文件已存在：跳过
2017-11-02 11:58:04	http://www.kaifakuai.com/img/dingzhi_zx2.png文件已存在：跳过
2017-11-02 11:58:04	http://www.kaifakuai.com/img/dingzhi_zx3.png文件已存在：跳过
2017-11-02 11:58:04	http://www.kaifakuai.com/img/dingzhi_zx4.png文件已存在：跳过
2017-11-02 11:58:04	http://www.kaifakuai.com/img/dingzhi_zx5.png文件已存在：跳过
2017-11-02 11:58:04	http://www.kaifakuai.com/img/us_fx_1.jpg文件已存在：跳过
2017-11-02 11:58:04	http://www.kaifakuai.com/img/us_fx_2.jpg文件已存在：跳过
2017-11-02 11:58:04	http://www.kaifakuai.com/img/us_fx_3.jpg文件已存在：跳过
2017-11-02 11:58:04	http://www.kaifakuai.com/img/foot_phone.png文件已存在：跳过
2017-11-02 11:58:04	http://www.kaifakuai.com/img/duihuawanwu.png文件已存在：跳过
2017-11-02 11:58:04	http://www.kaifakuai.com/img/kfk_wx.png文件已存在：跳过
2017-11-02 12:00:25	http://www.kaifakuai.com
2017-11-02 12:00:25	www.kaifakuai.com
2017-11-02 12:00:26	http://www.kaifakuai.com/img/kaifakuai_logo.png文件已存在：跳过
2017-11-02 12:00:26	http://www.kaifakuai.com/img/mianfei_kaifanban.png文件已存在：跳过
2017-11-02 12:00:26	http://www.kaifakuai.com/img/bannner527.png文件已存在：跳过
2017-11-02 12:00:26	http://www.kaifakuai.com/img/banner1.png文件已存在：跳过
2017-11-02 12:00:26	http://www.kaifakuai.com/img/banner517.png文件已存在：跳过
2017-11-02 12:00:26	http://www.kaifakuai.com/img/banner2.png文件已存在：跳过
2017-11-02 12:00:26	http://www.kaifakuai.com/img/cp_free_img.png文件已存在：跳过
2017-11-02 12:00:26	http://www.kaifakuai.com/img/anli_1.png文件已存在：跳过
2017-11-02 12:00:26	http://www.kaifakuai.com/img/anli_2.png文件已存在：跳过
2017-11-02 12:00:26	http://www.kaifakuai.com/img/anli_3.png文件已存在：跳过
2017-11-02 12:00:26	http://www.kaifakuai.com/img/anli_4.png文件已存在：跳过
2017-11-02 12:00:26	http://www.kaifakuai.com/img/dingzhi_zx1.png文件已存在：跳过
2017-11-02 12:00:27	http://www.kaifakuai.com/img/dingzhi_zx2.png文件已存在：跳过
2017-11-02 12:00:27	http://www.kaifakuai.com/img/dingzhi_zx3.png文件已存在：跳过
2017-11-02 12:00:27	http://www.kaifakuai.com/img/dingzhi_zx4.png文件已存在：跳过
2017-11-02 12:00:27	http://www.kaifakuai.com/img/dingzhi_zx5.png文件已存在：跳过
2017-11-02 12:00:27	http://www.kaifakuai.com/img/us_fx_1.jpg文件已存在：跳过
2017-11-02 12:00:27	http://www.kaifakuai.com/img/us_fx_2.jpg文件已存在：跳过
2017-11-02 12:00:27	http://www.kaifakuai.com/img/us_fx_3.jpg文件已存在：跳过
2017-11-02 12:00:27	http://www.kaifakuai.com/img/foot_phone.png文件已存在：跳过
2017-11-02 12:00:27	http://www.kaifakuai.com/img/duihuawanwu.png文件已存在：跳过
2017-11-02 12:00:27	http://www.kaifakuai.com/img/kfk_wx.png文件已存在：跳过
2017-11-02 14:16:24	www.kaifakuai.com/
2017-11-02 14:16:25	http://www.kaifakuai.com/img/kaifakuai_logo.png下载成功
2017-11-02 14:16:25	http://www.kaifakuai.com/img/mianfei_kaifanban.png下载成功
2017-11-02 14:16:25	http://www.kaifakuai.com/img/bannner527.png下载成功
2017-11-02 14:16:25	http://www.kaifakuai.com/img/banner1.png下载成功
2017-11-02 14:16:25	http://www.kaifakuai.com/img/banner517.png下载成功
2017-11-02 14:16:25	http://www.kaifakuai.com/img/banner2.png下载成功
2017-11-02 14:16:25	http://www.kaifakuai.com/img/cp_free_img.png下载成功
2017-11-02 14:16:25	http://www.kaifakuai.com/img/anli_1.png下载成功
2017-11-02 14:16:25	http://www.kaifakuai.com/img/anli_2.png下载成功
2017-11-02 14:16:25	http://www.kaifakuai.com/img/anli_3.png下载成功
2017-11-02 14:16:25	http://www.kaifakuai.com/img/anli_4.png下载成功
2017-11-02 14:16:25	http://www.kaifakuai.com/img/dingzhi_zx1.png下载成功
2017-11-02 14:16:25	http://www.kaifakuai.com/img/dingzhi_zx2.png下载成功
2017-11-02 14:16:25	http://www.kaifakuai.com/img/dingzhi_zx3.png下载成功
2017-11-02 14:16:25	http://www.kaifakuai.com/img/dingzhi_zx4.png下载成功
2017-11-02 14:16:25	http://www.kaifakuai.com/img/dingzhi_zx5.png下载成功
2017-11-02 14:16:26	http://www.kaifakuai.com/img/us_fx_1.jpg下载成功
2017-11-02 14:16:26	http://www.kaifakuai.com/img/us_fx_2.jpg下载成功
2017-11-02 14:16:26	http://www.kaifakuai.com/img/us_fx_3.jpg下载成功
2017-11-02 14:16:26	http://www.kaifakuai.com/img/foot_phone.png下载成功
2017-11-02 14:16:26	http://www.kaifakuai.com/img/duihuawanwu.png下载成功
2017-11-02 14:16:26	http://www.kaifakuai.com/img/kfk_wx.png下载成功
2017-11-02 14:16:26	http://bbs.kaifakuai.com/文件已存在：跳过
2017-11-02 14:16:26	http://bbs.kaifakuai.com/thread-981-1-1.html下载成功
2017-11-02 14:16:26	http://www.kaifakuai.com/chanpin/wulianwangyunfuwu/etilink/index.html下载成功
2017-11-02 14:16:26	http://www.kaifakuai.com/chanpin/wulianwangchanpin/WiFimokuai/index.html下载成功
2017-11-02 14:16:27	http://www.kaifakuai.com/chanpin/wulianwangchanpin/zhinengzhukongban/index.html下载成功
2017-11-02 14:16:27	http://www.kaifakuai.com/chanpin/beidoudingweichanpin/gaojingdumokuai/index.html下载成功
2017-11-02 14:16:27	http://www.kaifakuai.com/chanpin/wulianwangyunfuwu/zhinengchuanganyun/index.html下载成功
2017-11-02 14:16:27	http://www.kaifakuai.com/chanpin/wulianwangchanpin/GPRSmokuai/index.html下载成功
2017-11-02 14:16:27	http://www.kaifakuai.com/chanpin/wulianwangchanpin/kaifabanpingguban/index.html下载成功
2017-11-02 14:16:27	http://www.kaifakuai.com/chanpin/beidoudingweichanpin/zhinengchafenjizhan/index.html下载成功
2017-11-02 14:16:27	http://www.kaifakuai.com/chanpin/wulianwangchanpin/GPRSGPSmokuai/index.html下载成功
2017-11-02 14:16:27	http://www.kaifakuai.com/chanpin/wulianwangchanpin/Loramokuai/index.html下载成功
2017-11-02 14:16:27	http://www.kaifakuai.com/fangan/xingyejiejuefangan/znjd/index.html下载成功
2017-11-02 14:16:27	http://www.kaifakuai.com/fangan/dianxingyingyong/yugang/index.html下载成功
2017-11-02 14:16:27	http://www.kaifakuai.com/fangan/dianxingyingyong/zitigui/index.html下载成功
2017-11-02 14:16:27	http://www.kaifakuai.com/fangan/xingyejiejuefangan/gongye/index.html下载成功
2017-11-02 14:16:28	http://www.kaifakuai.com/fangan/dianxingyingyong/zhaoming/index.html下载成功
2017-11-02 14:16:28	http://www.kaifakuai.com/fangan/dianxingyingyong/menjin/index.html下载成功
2017-11-02 14:16:28	http://www.kaifakuai.com/fangan/xingyejiejuefangan/feidaolu/index.html下载成功
2017-11-02 14:16:28	http://www.kaifakuai.com/fangan/dianxingyingyong/kafeiji/index.html下载成功
2017-11-02 14:16:28	http://www.kaifakuai.com/fangan/dianxingyingyong/qiche/index.html下载成功
2017-11-02 14:16:28	http://www.kaifakuai.com/fangan/xingyejiejuefangan/jichang/index.html下载成功
2017-11-02 14:16:28	http://www.kaifakuai.com/fangan/dianxingyingyong/kongqi/index.html下载成功
2017-11-02 14:16:28	http://www.kaifakuai.com/fangan/dianxingyingyong/yugang/index.html文件已存在：跳过
2017-11-02 14:16:28	http://www.kaifakuai.com/guanyulianxi/guanyu/index.html下载成功
2017-11-02 14:16:29	http://www.kaifakuai.com/guanyulianxi/lianxi/index.html下载成功
2017-11-02 14:16:29	http://www.kaifakuai.com/guanyulianxi/chuangyixiu/index.html下载成功
2017-11-02 14:16:29	http://www.kaifakuai.com/fangan/xingyejiejuefangan/znjd/index.html文件已存在：跳过
2017-11-02 14:16:29	http://www.kaifakuai.com/tianyiwulian/index.html下载成功
2017-11-02 14:16:29	http://www.kaifakuai.com/chanpin/wulianwangchanpin/GPRSGPSmokuai/index.html文件已存在：跳过
2017-11-02 14:16:29	http://developer.kaifakuai.com/文件已存在：跳过
2017-11-02 14:16:30	http://bbs.kaifakuai.com/thread-981-1-1.html文件已存在：跳过
2017-11-02 14:16:30	http://bbs.kaifakuai.com/thread-3877-1-1.html下载成功
2017-11-02 14:16:30	http://www.kaifakuai.com/chanpin/wulianwangyunfuwu/etilink/index.html文件已存在：跳过
2017-11-02 14:16:30	http://www.kaifakuai.com/chanpin/wulianwangyunfuwu/zhinengchuanganyun/index.html文件已存在：跳过
2017-11-02 14:16:30	http://www.kaifakuai.com/chanpin/wulianwangchanpin/WiFimokuai/index.html文件已存在：跳过
2017-11-02 14:16:30	http://www.kaifakuai.com/chanpin/wulianwangchanpin/GPRSmokuai/index.html文件已存在：跳过
2017-11-02 14:16:30	http://www.kaifakuai.com/chanpin/wulianwangchanpin/GPRSGPSmokuai/index.html文件已存在：跳过
2017-11-02 14:16:30	http://www.kaifakuai.com/chanpin/wulianwangchanpin/Loramokuai/index.html文件已存在：跳过
2017-11-02 14:16:30	http://www.kaifakuai.com/chanpin/wulianwangchanpin/zhinengzhukongban/index.html文件已存在：跳过
2017-11-02 14:16:30	http://www.kaifakuai.com/chanpin/wulianwangchanpin/kaifabanpingguban/index.html文件已存在：跳过
2017-11-02 14:16:30	http://www.kaifakuai.com/chanpin/beidoudingweichanpin/gaojingdumokuai/index.html文件已存在：跳过
2017-11-02 14:16:30	http://www.kaifakuai.com/chanpin/beidoudingweichanpin/zhinengchafenjizhan/index.html文件已存在：跳过
2017-11-02 14:16:31	http://www.kaifakuai.com/fangan/xingyejiejuefangan/znjd/index.html文件已存在：跳过
2017-11-02 14:16:31	http://www.kaifakuai.com/fangan/dianxingyingyong/qiche/index.html文件已存在：跳过
2017-11-02 14:16:31	http://www.kaifakuai.com/fangan/dianxingyingyong/yugang/index.html文件已存在：跳过
2017-11-02 14:16:31	http://www.kaifakuai.com/fangan/dianxingyingyong/kafeiji/index.html文件已存在：跳过
2017-11-02 14:16:31	http://www.kaifakuai.com/fangan/dianxingyingyong/kongqi/index.html文件已存在：跳过
2017-11-02 14:16:31	http://www.kaifakuai.com/fangan/dianxingyingyong/zitigui/index.html文件已存在：跳过
2017-11-02 14:16:31	http://www.kaifakuai.com/fangan/xingyejiejuefangan/znjd/index.html文件已存在：跳过
2017-11-02 14:16:31	http://www.kaifakuai.com/fangan/xingyejiejuefangan/znjd/index.html文件已存在：跳过
2017-11-02 14:16:31	http://www.kaifakuai.com/fangan/xingyejiejuefangan/gongye/index.html文件已存在：跳过
2017-11-02 14:16:31	http://www.kaifakuai.com/fangan/xingyejiejuefangan/feidaolu/index.html文件已存在：跳过
2017-11-02 14:16:31	http://www.kaifakuai.com/fangan/xingyejiejuefangan/jichang/index.html文件已存在：跳过
2017-11-02 14:16:31	http://developer.kaifakuai.com/文件已存在：跳过
2017-11-02 14:16:31	http://developer.kaifakuai.com/product.html下载成功
2017-11-02 14:16:31	http://developer.kaifakuai.com/文件已存在：跳过
2017-11-02 14:16:32	http://bbs.kaifakuai.com/文件已存在：跳过
2017-11-02 14:16:32	http://bbs.kaifakuai.com/thread-4015-1-1.html下载成功
2017-11-02 14:16:32	http://www.kaifakuai.com/wulianwanghangye/index.html下载成功
2017-11-02 14:16:32	http://developer.kaifakuai.com/文件已存在：跳过
2017-11-02 14:16:32	http://bbs.kaifakuai.com/thread-3877-1-1.html文件已存在：跳过
2017-11-02 14:16:33	http://www.kaifakuai.com/zhinengyingjianjiejuefangan/文件已存在：跳过
2017-11-02 14:16:33	http://bbs.kaifakuai.com/forum-74-1.html下载成功
2017-11-02 14:16:33	http://www.kaifakuai.com/guanyulianxi/guanyu/index.html文件已存在：跳过
2017-11-02 14:16:33	http://www.kaifakuai.com/guanyulianxi/lianxi/index.html文件已存在：跳过
2017-11-02 14:16:33	http://www.kaifakuai.com/tianyiwulian/文件已存在：跳过
2017-11-02 14:16:33	http://bbs.kaifakuai.com/文件已存在：跳过
2017-11-02 14:16:33	http://www.kaifakuai.com/文件已存在：跳过
2017-11-02 14:16:33	http://www.kaifakuai.com/文件已存在：跳过
2017-11-02 14:16:33	http://www.kaifakuai.com/文件已存在：跳过
2017-11-02 14:16:37	http://www.kaifakuai.com/favicon.ico下载成功
2017-11-02 14:16:37	http://www.kaifakuai.com/css/head.css下载成功
2017-11-02 14:16:37	http://www.kaifakuai.com/css/flexslider.css下载成功
2017-11-02 14:16:37	http://www.kaifakuai.com/img/nav_h3.png下载成功
2017-11-02 14:16:37	http://www.kaifakuai.com/img/nav_h2.png下载成功
2017-11-02 14:16:37	http://www.kaifakuai.com/img/nav_h1.png下载成功
2017-11-02 14:16:37	http://www.kaifakuai.com/img/nav_h4.png下载成功
2017-11-02 14:16:37	http://www.kaifakuai.com/img/nav_h7.png下载成功
2017-11-02 14:16:37	http://www.kaifakuai.com/img/nav_h6.png下载成功
2017-11-02 14:16:37	http://www.kaifakuai.com/img/nav_h5.png下载成功
2017-11-02 14:16:37	http://www.kaifakuai.com/img/cu_ph.png下载成功
2017-11-02 14:16:37	http://www.kaifakuai.com/img/cu_phh.png下载成功
2017-11-02 14:16:37	http://www.kaifakuai.com/img/cu_qq.png下载成功
2017-11-02 14:16:37	http://www.kaifakuai.com/img/cu_qqh.png下载成功
2017-11-02 14:16:37	http://www.kaifakuai.com/img/cu_ej.png下载成功
2017-11-02 14:16:37	http://www.kaifakuai.com/img/cu_ejh.png下载成功
2017-11-02 14:16:37	http://www.kaifakuai.com/img/kefu_r_1.png下载成功
2017-11-02 14:16:37	http://www.kaifakuai.com/img/kefu_r_1.png文件已存在：跳过
2017-11-02 14:16:37	http://www.kaifakuai.com/img/kefu_r_2.png下载成功
2017-11-02 14:16:37	http://www.kaifakuai.com/img/kefu_r_2.png文件已存在：跳过
2017-11-02 14:16:38	http://www.kaifakuai.com/img/kefu_r_3.png下载成功
2017-11-02 14:16:38	http://www.kaifakuai.com/img/kefu_r_3.png文件已存在：跳过
2017-11-02 14:16:38	http://www.kaifakuai.com/img/kefu_r_d1.png下载成功
2017-11-02 14:16:38	http://www.kaifakuai.com/img/kefu_r_d2.png下载成功
2017-11-02 14:16:38	http://www.kaifakuai.com/img/kefu_r_d3.png下载成功
2017-11-02 14:16:38	http://www.kaifakuai.com/img/kefu_r_5.png下载成功
2017-11-02 14:16:38	http://www.kaifakuai.com/img/kefu_r_5h.png下载成功
2017-11-02 14:16:38	http://www.kaifakuai.com/img/icon_kf.png下载成功
2017-11-02 14:16:38	http://www.kaifakuai.com/img/icon_kf.png文件已存在：跳过
2017-11-02 14:16:38	http://www.kaifakuai.com/img/icon_wu.png下载成功
2017-11-02 14:16:38	http://www.kaifakuai.com/img/icon_wu.png文件已存在：跳过
2017-11-02 14:16:38	http://www.kaifakuai.com/img/icon_mian.png下载成功
2017-11-02 14:16:38	http://www.kaifakuai.com/img/icon_mian.png文件已存在：跳过
2017-11-02 14:16:38	http://www.kaifakuai.com/img/icon_10.png下载成功
2017-11-02 14:16:38	http://www.kaifakuai.com/img/icon_10.png文件已存在：跳过
2017-11-02 14:16:38	http://www.kaifakuai.com/img/cp_rm.jpg下载成功
2017-11-02 14:16:38	http://www.kaifakuai.com/img/cp_mf.jpg下载成功
2017-11-02 14:16:38	http://www.kaifakuai.com/img/cp_gprs.jpg下载成功
2017-11-02 14:16:38	http://www.kaifakuai.com/img/cp_wifi.jpg下载成功
2017-11-02 14:16:38	http://www.kaifakuai.com/img/cp_e103.jpg下载成功
2017-11-02 14:16:38	http://www.kaifakuai.com/img/cp_lora.jpg下载成功
2017-11-02 14:16:38	http://www.kaifakuai.com/img/cp_zkb.jpg下载成功
2017-11-02 14:16:38	http://www.kaifakuai.com/img/cp_pgb.jpg下载成功
2017-11-02 14:16:38	http://www.kaifakuai.com/img/cp_e103.jpg文件已存在：跳过
2017-11-02 14:16:39	http://www.kaifakuai.com/img/cp_cf.jpg下载成功
2017-11-02 14:16:39	http://www.kaifakuai.com/img/jjfa_bg.png下载成功
2017-11-02 14:16:39	http://www.kaifakuai.com/img/jjfa_qc.png下载成功
2017-11-02 14:16:39	http://www.kaifakuai.com/img/jjfa_dc.png下载成功
2017-11-02 14:16:39	http://www.kaifakuai.com/img/jjfa_jx.png下载成功
2017-11-02 14:16:39	http://www.kaifakuai.com/img/jjfa_yg.png下载成功
2017-11-02 14:16:39	http://www.kaifakuai.com/img/jjfa_kf.png下载成功
2017-11-02 14:16:39	http://www.kaifakuai.com/img/jjfa_kq.png下载成功
2017-11-02 14:16:39	http://www.kaifakuai.com/img/jjfa_qn.png下载成功
2017-11-02 14:16:39	http://www.kaifakuai.com/img/jjfz_jk.png下载成功
2017-11-02 14:16:39	http://www.kaifakuai.com/img/jjfa_ly.png下载成功
2017-11-02 14:16:39	http://www.kaifakuai.com/img/jjfa_wl.png下载成功
2017-11-02 14:16:39	http://www.kaifakuai.com/img/jjfa_cc.png下载成功
2017-11-02 14:16:39	http://www.kaifakuai.com/img/jjfa_zt.png下载成功
2017-11-02 14:16:39	http://www.kaifakuai.com/img/jjfa_ny.png下载成功
2017-11-02 14:16:39	http://www.kaifakuai.com/img/jjfa_yl.png下载成功
2017-11-02 14:16:40	http://www.kaifakuai.com/img/anli_bg.jpg下载成功
2017-11-02 14:16:40	http://www.kaifakuai.com/img/dingzhi_zx.jpg下载成功
2017-11-02 14:16:40	http://www.kaifakuai.com/img/wifi_banner.png下载成功
2017-11-02 14:16:40	http://www.kaifakuai.com/img/ETilink27.png下载成功
2017-11-02 14:16:40	http://www.kaifakuai.com/img/cgy27.png下载成功
2017-11-02 14:16:40	http://www.kaifakuai.com/img/wifi_banner.png文件已存在：跳过
2017-11-02 14:16:40	http://www.kaifakuai.com/img/2G_banner.png下载成功
2017-11-02 14:16:40	http://www.kaifakuai.com/img/gprs_banner.png下载成功
2017-11-02 14:16:40	http://www.kaifakuai.com/img/lora_banner.png下载成功
2017-11-02 14:16:40	http://www.kaifakuai.com/img/pingguban_banner.png下载成功
2017-11-02 14:16:40	http://www.kaifakuai.com/img/zhukongban_banner.png下载成功
2017-11-02 14:16:40	http://www.kaifakuai.com/img/jj_banner.png下载成功
2017-11-02 14:16:40	http://www.kaifakuai.com/img/jj_jiadian.png下载成功
2017-11-02 14:16:40	http://www.kaifakuai.com/img/jj_gongye.png下载成功
2017-11-02 14:16:40	http://www.kaifakuai.com/img/jj_feidaolu.png下载成功
2017-11-02 14:16:40	http://www.kaifakuai.com/img/jj_jichang.png下载成功
2017-11-02 14:16:41	http://www.kaifakuai.com/img/k_kafeji.png下载成功
2017-11-02 14:16:41	http://www.kaifakuai.com/img/k_kongqi.png下载成功
2017-11-02 14:16:41	http://www.kaifakuai.com/img/k_menjin.png下载成功
2017-11-02 14:16:41	http://www.kaifakuai.com/img/k_qiche.png下载成功
2017-11-02 14:16:41	http://www.kaifakuai.com/img/k_zhaoming.png下载成功
2017-11-02 14:16:41	http://www.kaifakuai.com/img/k_zitigui.png下载成功
2017-11-02 14:16:41	http://www.kaifakuai.com/img/menu_xiala.png下载成功
2017-11-02 14:16:41	http://www.kaifakuai.com/img/000xiala.png下载成功
2017-11-02 14:16:41	http://www.kaifakuai.com/img/Briefcase.png下载成功
2017-11-02 14:16:41	http://www.kaifakuai.com/img/Puzzle.png下载成功
2017-11-02 14:16:41	http://www.kaifakuai.com/img/cloud.png下载成功
2017-11-02 14:16:41	http://www.kaifakuai.com/img/Compass.png下载成功
2017-11-02 14:16:41	http://www.kaifakuai.com/img/hangyejjfa.png下载成功
2017-11-02 14:16:41	http://www.kaifakuai.com/img/dianxingjjfa.png下载成功
2017-11-02 14:16:41	http://www.kaifakuai.com/img/contact_usbg.png下载成功
2017-11-02 14:16:41	http://www.kaifakuai.com/img/cu_fw1.jpg下载成功
2017-11-02 14:16:41	http://www.kaifakuai.com/img/cu_fw2.jpg下载成功
2017-11-02 14:16:41	http://www.kaifakuai.com/img/cu_fw3.jpg下载成功
2017-11-02 14:16:41	http://www.kaifakuai.com/img/cu_fw4.jpg下载成功
2017-11-02 14:16:42	http://www.kaifakuai.com/img/cu_fw5.jpg下载成功
2017-11-02 14:16:42	http://www.kaifakuai.com/img/cu_fw6.jpg下载成功
2017-11-02 14:16:42	http://www.kaifakuai.com/img/cu_fw7.jpg下载成功
2017-11-02 14:16:42	http://www.kaifakuai.com/img/cu_fw8.jpg下载成功
2017-11-02 14:16:42	http://www.kaifakuai.com/img/lx_qq.png下载成功
2017-11-02 14:16:42	http://www.kaifakuai.com/img/lx_ej.png下载成功
2017-11-02 14:16:42	http://www.kaifakuai.com/img/lx_ph.png下载成功
2017-11-02 14:16:42	http://www.kaifakuai.com/img/news_rt1.png下载成功
2017-11-02 14:16:42	http://www.kaifakuai.com/img/news_rt2.png下载成功
2017-11-02 16:48:12	http://www.kaifakuai.com/img/kaifakuai_logo.png文件已存在：跳过
2017-11-02 16:48:12	http://www.kaifakuai.com/img/mianfei_kaifanban.png文件已存在：跳过
2017-11-02 16:48:13	http://www.kaifakuai.com/img/bannner527.png文件已存在：跳过
2017-11-02 16:48:13	http://www.kaifakuai.com/img/banner1.png文件已存在：跳过
2017-11-02 16:48:13	http://www.kaifakuai.com/img/banner517.png文件已存在：跳过
2017-11-02 16:48:13	http://www.kaifakuai.com/img/banner2.png文件已存在：跳过
2017-11-02 16:48:13	http://www.kaifakuai.com/img/cp_free_img.png文件已存在：跳过
2017-11-02 16:48:13	http://www.kaifakuai.com/img/anli_1.png文件已存在：跳过
2017-11-02 16:48:13	http://www.kaifakuai.com/img/anli_2.png文件已存在：跳过
2017-11-02 16:48:13	http://www.kaifakuai.com/img/anli_3.png文件已存在：跳过
2017-11-02 16:48:13	http://www.kaifakuai.com/img/anli_4.png文件已存在：跳过
2017-11-02 16:48:13	http://www.kaifakuai.com/img/dingzhi_zx1.png文件已存在：跳过
2017-11-02 16:48:13	http://www.kaifakuai.com/img/dingzhi_zx2.png文件已存在：跳过
2017-11-02 16:48:13	http://www.kaifakuai.com/img/dingzhi_zx3.png文件已存在：跳过
2017-11-02 16:48:13	http://www.kaifakuai.com/img/dingzhi_zx4.png文件已存在：跳过
2017-11-02 16:48:13	http://www.kaifakuai.com/img/dingzhi_zx5.png文件已存在：跳过
2017-11-02 16:48:13	http://www.kaifakuai.com/img/us_fx_1.jpg文件已存在：跳过
2017-11-02 16:48:13	http://www.kaifakuai.com/img/us_fx_2.jpg文件已存在：跳过
2017-11-02 16:48:13	http://www.kaifakuai.com/img/us_fx_3.jpg文件已存在：跳过
2017-11-02 16:48:13	http://www.kaifakuai.com/img/foot_phone.png文件已存在：跳过
2017-11-02 16:48:13	http://www.kaifakuai.com/img/duihuawanwu.png文件已存在：跳过
2017-11-02 16:48:13	http://www.kaifakuai.com/img/kfk_wx.png文件已存在：跳过
2017-11-02 16:48:14	http://bbs.kaifakuai.com/文件已存在：跳过
2017-11-02 16:48:14	http://bbs.kaifakuai.com/thread-981-1-1.html文件已存在：跳过
2017-11-02 16:48:14	http://www.kaifakuai.com/chanpin/wulianwangyunfuwu/etilink/index.html文件已存在：跳过
2017-11-02 16:48:14	http://www.kaifakuai.com/chanpin/wulianwangchanpin/WiFimokuai/index.html文件已存在：跳过
2017-11-02 16:48:14	http://www.kaifakuai.com/chanpin/wulianwangchanpin/zhinengzhukongban/index.html文件已存在：跳过
2017-11-02 16:48:14	http://www.kaifakuai.com/chanpin/beidoudingweichanpin/gaojingdumokuai/index.html文件已存在：跳过
2017-11-02 16:48:14	http://www.kaifakuai.com/chanpin/wulianwangyunfuwu/zhinengchuanganyun/index.html文件已存在：跳过
2017-11-02 16:48:14	http://www.kaifakuai.com/chanpin/wulianwangchanpin/GPRSmokuai/index.html文件已存在：跳过
2017-11-02 16:48:14	http://www.kaifakuai.com/chanpin/wulianwangchanpin/kaifabanpingguban/index.html文件已存在：跳过
2017-11-02 16:48:14	http://www.kaifakuai.com/chanpin/beidoudingweichanpin/zhinengchafenjizhan/index.html文件已存在：跳过
2017-11-02 16:48:14	http://www.kaifakuai.com/chanpin/wulianwangchanpin/GPRSGPSmokuai/index.html文件已存在：跳过
2017-11-02 16:48:14	http://www.kaifakuai.com/chanpin/wulianwangchanpin/Loramokuai/index.html文件已存在：跳过
2017-11-02 16:48:15	http://www.kaifakuai.com/fangan/xingyejiejuefangan/znjd/index.html文件已存在：跳过
2017-11-02 16:48:15	http://www.kaifakuai.com/fangan/dianxingyingyong/yugang/index.html文件已存在：跳过
2017-11-02 16:48:15	http://www.kaifakuai.com/fangan/dianxingyingyong/zitigui/index.html文件已存在：跳过
2017-11-02 16:48:15	http://www.kaifakuai.com/fangan/xingyejiejuefangan/gongye/index.html文件已存在：跳过
2017-11-02 16:48:15	http://www.kaifakuai.com/fangan/dianxingyingyong/zhaoming/index.html文件已存在：跳过
2017-11-02 16:48:15	http://www.kaifakuai.com/fangan/dianxingyingyong/menjin/index.html文件已存在：跳过
2017-11-02 16:48:15	http://www.kaifakuai.com/fangan/xingyejiejuefangan/feidaolu/index.html文件已存在：跳过
2017-11-02 16:48:15	http://www.kaifakuai.com/fangan/dianxingyingyong/kafeiji/index.html文件已存在：跳过
2017-11-02 16:48:15	http://www.kaifakuai.com/fangan/dianxingyingyong/qiche/index.html文件已存在：跳过
2017-11-02 16:48:15	http://www.kaifakuai.com/fangan/xingyejiejuefangan/jichang/index.html文件已存在：跳过
2017-11-02 16:48:15	http://www.kaifakuai.com/fangan/dianxingyingyong/kongqi/index.html文件已存在：跳过
2017-11-02 16:48:15	http://www.kaifakuai.com/fangan/dianxingyingyong/yugang/index.html文件已存在：跳过
2017-11-02 16:48:15	http://www.kaifakuai.com/guanyulianxi/guanyu/index.html文件已存在：跳过
2017-11-02 16:48:17	http://www.kaifakuai.com/guanyulianxi/lianxi/index.html文件已存在：跳过
2017-11-02 16:48:17	http://www.kaifakuai.com/guanyulianxi/chuangyixiu/index.html文件已存在：跳过
2017-11-02 16:48:17	http://www.kaifakuai.com/fangan/xingyejiejuefangan/znjd/index.html文件已存在：跳过
2017-11-02 16:48:17	http://www.kaifakuai.com/tianyiwulian/index.html文件已存在：跳过
2017-11-02 16:48:17	http://www.kaifakuai.com/chanpin/wulianwangchanpin/GPRSGPSmokuai/index.html文件已存在：跳过
2017-11-02 16:48:17	http://developer.kaifakuai.com/文件已存在：跳过
2017-11-02 16:48:18	http://bbs.kaifakuai.com/thread-981-1-1.html文件已存在：跳过
2017-11-02 16:48:18	http://bbs.kaifakuai.com/thread-3877-1-1.html文件已存在：跳过
2017-11-02 16:48:18	http://www.kaifakuai.com/chanpin/wulianwangyunfuwu/etilink/index.html文件已存在：跳过
2017-11-02 16:48:18	http://www.kaifakuai.com/chanpin/wulianwangyunfuwu/zhinengchuanganyun/index.html文件已存在：跳过
2017-11-02 16:48:18	http://www.kaifakuai.com/chanpin/wulianwangchanpin/WiFimokuai/index.html文件已存在：跳过
2017-11-02 16:48:18	http://www.kaifakuai.com/chanpin/wulianwangchanpin/GPRSmokuai/index.html文件已存在：跳过
2017-11-02 16:48:18	http://www.kaifakuai.com/chanpin/wulianwangchanpin/GPRSGPSmokuai/index.html文件已存在：跳过
2017-11-02 16:48:19	http://www.kaifakuai.com/chanpin/wulianwangchanpin/Loramokuai/index.html文件已存在：跳过
2017-11-02 16:48:19	http://www.kaifakuai.com/chanpin/wulianwangchanpin/zhinengzhukongban/index.html文件已存在：跳过
2017-11-02 16:48:19	http://www.kaifakuai.com/chanpin/wulianwangchanpin/kaifabanpingguban/index.html文件已存在：跳过
2017-11-02 16:48:19	http://www.kaifakuai.com/chanpin/beidoudingweichanpin/gaojingdumokuai/index.html文件已存在：跳过
2017-11-02 16:48:19	http://www.kaifakuai.com/chanpin/beidoudingweichanpin/zhinengchafenjizhan/index.html文件已存在：跳过
2017-11-02 16:48:19	http://www.kaifakuai.com/fangan/xingyejiejuefangan/znjd/index.html文件已存在：跳过
2017-11-02 16:48:19	http://www.kaifakuai.com/fangan/dianxingyingyong/qiche/index.html文件已存在：跳过
2017-11-02 16:48:19	http://www.kaifakuai.com/fangan/dianxingyingyong/yugang/index.html文件已存在：跳过
2017-11-02 16:48:19	http://www.kaifakuai.com/fangan/dianxingyingyong/kafeiji/index.html文件已存在：跳过
2017-11-02 16:48:19	http://www.kaifakuai.com/fangan/dianxingyingyong/kongqi/index.html文件已存在：跳过
2017-11-02 16:48:19	http://www.kaifakuai.com/fangan/dianxingyingyong/zitigui/index.html文件已存在：跳过
2017-11-02 16:48:19	http://www.kaifakuai.com/fangan/xingyejiejuefangan/znjd/index.html文件已存在：跳过
2017-11-02 16:48:19	http://www.kaifakuai.com/fangan/xingyejiejuefangan/znjd/index.html文件已存在：跳过
2017-11-02 16:48:19	http://www.kaifakuai.com/fangan/xingyejiejuefangan/gongye/index.html文件已存在：跳过
2017-11-02 16:48:19	http://www.kaifakuai.com/fangan/xingyejiejuefangan/feidaolu/index.html文件已存在：跳过
2017-11-02 16:48:19	http://www.kaifakuai.com/fangan/xingyejiejuefangan/jichang/index.html文件已存在：跳过
2017-11-02 16:48:20	http://developer.kaifakuai.com/文件已存在：跳过
2017-11-02 16:48:20	http://developer.kaifakuai.com/product.html文件已存在：跳过
2017-11-02 16:48:20	http://developer.kaifakuai.com/文件已存在：跳过
2017-11-02 16:48:20	http://bbs.kaifakuai.com/文件已存在：跳过
2017-11-02 16:48:20	http://bbs.kaifakuai.com/thread-4015-1-1.html文件已存在：跳过
2017-11-02 16:48:20	http://bbs.kaifakuai.com/forum-68-1.html下载成功
2017-11-02 16:48:21	http://www.kaifakuai.com/wulianwanghangye/index.html文件已存在：跳过
2017-11-02 16:48:21	http://developer.kaifakuai.com/文件已存在：跳过
2017-11-02 16:48:21	http://bbs.kaifakuai.com/thread-3877-1-1.html文件已存在：跳过
2017-11-02 16:48:21	http://www.kaifakuai.com/zhinengyingjianjiejuefangan/文件已存在：跳过
2017-11-02 16:48:21	http://bbs.kaifakuai.com/forum-74-1.html文件已存在：跳过
2017-11-02 16:48:21	http://www.kaifakuai.com/guanyulianxi/guanyu/index.html文件已存在：跳过
2017-11-02 16:48:21	http://www.kaifakuai.com/guanyulianxi/lianxi/index.html文件已存在：跳过
2017-11-02 16:48:21	http://www.kaifakuai.com/tianyiwulian/文件已存在：跳过
2017-11-02 16:48:22	http://bbs.kaifakuai.com/文件已存在：跳过
2017-11-02 16:48:22	http://www.kaifakuai.com/文件已存在：跳过
2017-11-02 16:48:22	http://www.kaifakuai.com/文件已存在：跳过
2017-11-02 16:48:22	http://www.kaifakuai.com/文件已存在：跳过
2017-11-02 16:48:25	http://www.kaifakuai.com/favicon.ico文件已存在：跳过
2017-11-02 16:48:25	http://www.kaifakuai.com/css/head.css文件已存在：跳过
2017-11-02 16:48:25	http://www.kaifakuai.com/css/flexslider.css文件已存在：跳过
2017-11-02 16:48:25	http://www.kaifakuai.com/img/nav_h3.png文件已存在：跳过
2017-11-02 16:48:26	http://www.kaifakuai.com/img/nav_h2.png文件已存在：跳过
2017-11-02 16:48:26	http://www.kaifakuai.com/img/nav_h1.png文件已存在：跳过
2017-11-02 16:48:26	http://www.kaifakuai.com/img/nav_h4.png文件已存在：跳过
2017-11-02 16:48:26	http://www.kaifakuai.com/img/nav_h7.png文件已存在：跳过
2017-11-02 16:48:26	http://www.kaifakuai.com/img/nav_h6.png文件已存在：跳过
2017-11-02 16:48:26	http://www.kaifakuai.com/img/nav_h5.png文件已存在：跳过
2017-11-02 16:48:26	http://www.kaifakuai.com/img/cu_ph.png文件已存在：跳过
2017-11-02 16:48:26	http://www.kaifakuai.com/img/cu_phh.png文件已存在：跳过
2017-11-02 16:48:26	http://www.kaifakuai.com/img/cu_qq.png文件已存在：跳过
2017-11-02 16:48:26	http://www.kaifakuai.com/img/cu_qqh.png文件已存在：跳过
2017-11-02 16:48:26	http://www.kaifakuai.com/img/cu_ej.png文件已存在：跳过
2017-11-02 16:48:26	http://www.kaifakuai.com/img/cu_ejh.png文件已存在：跳过
2017-11-02 16:48:26	http://www.kaifakuai.com/img/kefu_r_1.png文件已存在：跳过
2017-11-02 16:48:26	http://www.kaifakuai.com/img/kefu_r_1.png文件已存在：跳过
2017-11-02 16:48:26	http://www.kaifakuai.com/img/kefu_r_2.png文件已存在：跳过
2017-11-02 16:48:26	http://www.kaifakuai.com/img/kefu_r_2.png文件已存在：跳过
2017-11-02 16:48:26	http://www.kaifakuai.com/img/kefu_r_3.png文件已存在：跳过
2017-11-02 16:48:26	http://www.kaifakuai.com/img/kefu_r_3.png文件已存在：跳过
2017-11-02 16:48:26	http://www.kaifakuai.com/img/kefu_r_d1.png文件已存在：跳过
2017-11-02 16:48:26	http://www.kaifakuai.com/img/kefu_r_d2.png文件已存在：跳过
2017-11-02 16:48:26	http://www.kaifakuai.com/img/kefu_r_d3.png文件已存在：跳过
2017-11-02 16:48:26	http://www.kaifakuai.com/img/kefu_r_5.png文件已存在：跳过
2017-11-02 16:48:26	http://www.kaifakuai.com/img/kefu_r_5h.png文件已存在：跳过
2017-11-02 16:48:27	http://www.kaifakuai.com/img/icon_kf.png文件已存在：跳过
2017-11-02 16:48:27	http://www.kaifakuai.com/img/icon_kf.png文件已存在：跳过
2017-11-02 16:48:27	http://www.kaifakuai.com/img/icon_wu.png文件已存在：跳过
2017-11-02 16:48:27	http://www.kaifakuai.com/img/icon_wu.png文件已存在：跳过
2017-11-02 16:48:27	http://www.kaifakuai.com/img/icon_mian.png文件已存在：跳过
2017-11-02 16:48:27	http://www.kaifakuai.com/img/icon_mian.png文件已存在：跳过
2017-11-02 16:48:27	http://www.kaifakuai.com/img/icon_10.png文件已存在：跳过
2017-11-02 16:48:27	http://www.kaifakuai.com/img/icon_10.png文件已存在：跳过
2017-11-02 16:48:27	http://www.kaifakuai.com/img/cp_rm.jpg文件已存在：跳过
2017-11-02 16:48:27	http://www.kaifakuai.com/img/cp_mf.jpg文件已存在：跳过
2017-11-02 16:48:27	http://www.kaifakuai.com/img/cp_gprs.jpg文件已存在：跳过
2017-11-02 16:48:27	http://www.kaifakuai.com/img/cp_wifi.jpg文件已存在：跳过
2017-11-02 16:48:27	http://www.kaifakuai.com/img/cp_e103.jpg文件已存在：跳过
2017-11-02 16:48:27	http://www.kaifakuai.com/img/cp_lora.jpg文件已存在：跳过
2017-11-02 16:48:27	http://www.kaifakuai.com/img/cp_zkb.jpg文件已存在：跳过
2017-11-02 16:48:27	http://www.kaifakuai.com/img/cp_pgb.jpg文件已存在：跳过
2017-11-02 16:48:27	http://www.kaifakuai.com/img/cp_e103.jpg文件已存在：跳过
2017-11-02 16:48:27	http://www.kaifakuai.com/img/cp_cf.jpg文件已存在：跳过
2017-11-02 16:48:27	http://www.kaifakuai.com/img/jjfa_bg.png文件已存在：跳过
2017-11-02 16:48:28	http://www.kaifakuai.com/img/jjfa_qc.png文件已存在：跳过
2017-11-02 16:48:28	http://www.kaifakuai.com/img/jjfa_dc.png文件已存在：跳过
2017-11-02 16:48:28	http://www.kaifakuai.com/img/jjfa_jx.png文件已存在：跳过
2017-11-02 16:48:28	http://www.kaifakuai.com/img/jjfa_yg.png文件已存在：跳过
2017-11-02 16:48:28	http://www.kaifakuai.com/img/jjfa_kf.png文件已存在：跳过
2017-11-02 16:48:28	http://www.kaifakuai.com/img/jjfa_kq.png文件已存在：跳过
2017-11-02 16:48:28	http://www.kaifakuai.com/img/jjfa_qn.png文件已存在：跳过
2017-11-02 16:48:28	http://www.kaifakuai.com/img/jjfz_jk.png文件已存在：跳过
2017-11-02 16:48:28	http://www.kaifakuai.com/img/jjfa_ly.png文件已存在：跳过
2017-11-02 16:48:28	http://www.kaifakuai.com/img/jjfa_wl.png文件已存在：跳过
2017-11-02 16:48:28	http://www.kaifakuai.com/img/jjfa_cc.png文件已存在：跳过
2017-11-02 16:48:28	http://www.kaifakuai.com/img/jjfa_zt.png文件已存在：跳过
2017-11-02 16:48:28	http://www.kaifakuai.com/img/jjfa_ny.png文件已存在：跳过
2017-11-02 16:48:28	http://www.kaifakuai.com/img/jjfa_yl.png文件已存在：跳过
2017-11-02 16:48:28	http://www.kaifakuai.com/img/anli_bg.jpg文件已存在：跳过
2017-11-02 16:48:28	http://www.kaifakuai.com/img/dingzhi_zx.jpg文件已存在：跳过
2017-11-02 16:48:28	http://www.kaifakuai.com/img/wifi_banner.png文件已存在：跳过
2017-11-02 16:48:28	http://www.kaifakuai.com/img/ETilink27.png文件已存在：跳过
2017-11-02 16:48:29	http://www.kaifakuai.com/img/cgy27.png文件已存在：跳过
2017-11-02 16:48:29	http://www.kaifakuai.com/img/wifi_banner.png文件已存在：跳过
2017-11-02 16:48:29	http://www.kaifakuai.com/img/2G_banner.png文件已存在：跳过
2017-11-02 16:48:29	http://www.kaifakuai.com/img/gprs_banner.png文件已存在：跳过
2017-11-02 16:48:29	http://www.kaifakuai.com/img/lora_banner.png文件已存在：跳过
2017-11-02 16:48:29	http://www.kaifakuai.com/img/pingguban_banner.png文件已存在：跳过
2017-11-02 16:48:29	http://www.kaifakuai.com/img/zhukongban_banner.png文件已存在：跳过
2017-11-02 16:48:29	http://www.kaifakuai.com/img/jj_banner.png文件已存在：跳过
2017-11-02 16:48:29	http://www.kaifakuai.com/img/jj_jiadian.png文件已存在：跳过
2017-11-02 16:48:29	http://www.kaifakuai.com/img/jj_gongye.png文件已存在：跳过
2017-11-02 16:48:29	http://www.kaifakuai.com/img/jj_feidaolu.png文件已存在：跳过
2017-11-02 16:48:29	http://www.kaifakuai.com/img/jj_jichang.png文件已存在：跳过
2017-11-02 16:48:29	http://www.kaifakuai.com/img/k_kafeji.png文件已存在：跳过
2017-11-02 16:48:29	http://www.kaifakuai.com/img/k_kongqi.png文件已存在：跳过
2017-11-02 16:48:29	http://www.kaifakuai.com/img/k_menjin.png文件已存在：跳过
2017-11-02 16:48:29	http://www.kaifakuai.com/img/k_qiche.png文件已存在：跳过
2017-11-02 16:48:29	http://www.kaifakuai.com/img/k_zhaoming.png文件已存在：跳过
2017-11-02 16:48:29	http://www.kaifakuai.com/img/k_zitigui.png文件已存在：跳过
2017-11-02 16:48:29	http://www.kaifakuai.com/img/menu_xiala.png文件已存在：跳过
2017-11-02 16:48:30	http://www.kaifakuai.com/img/000xiala.png文件已存在：跳过
2017-11-02 16:48:30	http://www.kaifakuai.com/img/Briefcase.png文件已存在：跳过
2017-11-02 16:48:30	http://www.kaifakuai.com/img/Puzzle.png文件已存在：跳过
2017-11-02 16:48:30	http://www.kaifakuai.com/img/cloud.png文件已存在：跳过
2017-11-02 16:48:30	http://www.kaifakuai.com/img/Compass.png文件已存在：跳过
2017-11-02 16:48:30	http://www.kaifakuai.com/img/hangyejjfa.png文件已存在：跳过
2017-11-02 16:48:30	http://www.kaifakuai.com/img/dianxingjjfa.png文件已存在：跳过
2017-11-02 16:48:30	http://www.kaifakuai.com/img/contact_usbg.png文件已存在：跳过
2017-11-02 16:48:30	http://www.kaifakuai.com/img/cu_fw1.jpg文件已存在：跳过
2017-11-02 16:48:30	http://www.kaifakuai.com/img/cu_fw2.jpg文件已存在：跳过
2017-11-02 16:48:30	http://www.kaifakuai.com/img/cu_fw3.jpg文件已存在：跳过
2017-11-02 16:48:30	http://www.kaifakuai.com/img/cu_fw4.jpg文件已存在：跳过
2017-11-02 16:48:30	http://www.kaifakuai.com/img/cu_fw5.jpg文件已存在：跳过
2017-11-02 16:48:30	http://www.kaifakuai.com/img/cu_fw6.jpg文件已存在：跳过
2017-11-02 16:48:30	http://www.kaifakuai.com/img/cu_fw7.jpg文件已存在：跳过
2017-11-02 16:48:30	http://www.kaifakuai.com/img/cu_fw8.jpg文件已存在：跳过
2017-11-02 16:48:30	http://www.kaifakuai.com/img/lx_qq.png文件已存在：跳过
2017-11-02 16:48:30	http://www.kaifakuai.com/img/lx_ej.png文件已存在：跳过
2017-11-02 16:48:31	http://www.kaifakuai.com/img/lx_ph.png文件已存在：跳过
2017-11-02 16:48:31	http://www.kaifakuai.com/img/news_rt1.png文件已存在：跳过
2017-11-02 16:48:31	http://www.kaifakuai.com/img/news_rt2.png文件已存在：跳过
2017-11-02 16:51:34	http://www.kaifakuai.com/img/kaifakuai_logo.png下载成功
2017-11-02 16:51:34	http://www.kaifakuai.com/img/mianfei_kaifanban.png下载成功
2017-11-02 16:51:34	http://www.kaifakuai.com/img/bannner527.png下载成功
2017-11-02 16:51:34	http://www.kaifakuai.com/img/banner1.png下载成功
2017-11-02 16:51:35	http://www.kaifakuai.com/img/banner517.png下载成功
2017-11-02 16:51:35	http://www.kaifakuai.com/img/banner2.png下载成功
2017-11-02 16:51:35	http://www.kaifakuai.com/img/cp_free_img.png下载成功
2017-11-02 16:51:35	http://www.kaifakuai.com/img/anli_1.png下载成功
2017-11-02 16:51:35	http://www.kaifakuai.com/img/anli_2.png下载成功
2017-11-02 16:51:35	http://www.kaifakuai.com/img/anli_3.png下载成功
2017-11-02 16:51:35	http://www.kaifakuai.com/img/anli_4.png下载成功
2017-11-02 16:51:35	http://www.kaifakuai.com/img/dingzhi_zx1.png下载成功
2017-11-02 16:51:35	http://www.kaifakuai.com/img/dingzhi_zx2.png下载成功
2017-11-02 16:51:35	http://www.kaifakuai.com/img/dingzhi_zx3.png下载成功
2017-11-02 16:51:35	http://www.kaifakuai.com/img/dingzhi_zx4.png下载成功
2017-11-02 16:51:35	http://www.kaifakuai.com/img/dingzhi_zx5.png下载成功
2017-11-02 16:51:35	http://www.kaifakuai.com/img/us_fx_1.jpg下载成功
2017-11-02 16:51:35	http://www.kaifakuai.com/img/us_fx_2.jpg下载成功
2017-11-02 16:51:35	http://www.kaifakuai.com/img/us_fx_3.jpg下载成功
2017-11-02 16:51:35	http://www.kaifakuai.com/img/foot_phone.png下载成功
2017-11-02 16:51:35	http://www.kaifakuai.com/img/duihuawanwu.png下载成功
2017-11-02 16:51:35	http://www.kaifakuai.com/img/kfk_wx.png下载成功
2017-11-02 16:51:36	http://bbs.kaifakuai.com/文件已存在：跳过
2017-11-02 16:51:36	http://bbs.kaifakuai.com/thread-981-1-1.html下载成功
2017-11-02 16:51:36	http://www.kaifakuai.com/chanpin/wulianwangyunfuwu/etilink/index.html下载成功
2017-11-02 16:51:36	http://www.kaifakuai.com/chanpin/wulianwangchanpin/WiFimokuai/index.html下载成功
2017-11-02 16:51:36	http://www.kaifakuai.com/chanpin/wulianwangchanpin/zhinengzhukongban/index.html下载成功
2017-11-02 16:51:36	http://www.kaifakuai.com/chanpin/beidoudingweichanpin/gaojingdumokuai/index.html下载成功
2017-11-02 16:51:36	http://www.kaifakuai.com/chanpin/wulianwangyunfuwu/zhinengchuanganyun/index.html下载成功
2017-11-02 16:51:37	http://www.kaifakuai.com/chanpin/wulianwangchanpin/GPRSmokuai/index.html下载成功
2017-11-02 16:51:37	http://www.kaifakuai.com/chanpin/wulianwangchanpin/kaifabanpingguban/index.html下载成功
2017-11-02 16:51:37	http://www.kaifakuai.com/chanpin/beidoudingweichanpin/zhinengchafenjizhan/index.html下载成功
2017-11-02 16:51:37	http://www.kaifakuai.com/chanpin/wulianwangchanpin/GPRSGPSmokuai/index.html下载成功
2017-11-02 16:51:37	http://www.kaifakuai.com/chanpin/wulianwangchanpin/Loramokuai/index.html下载成功
2017-11-02 16:51:37	http://www.kaifakuai.com/fangan/xingyejiejuefangan/znjd/index.html下载成功
2017-11-02 16:51:37	http://www.kaifakuai.com/fangan/dianxingyingyong/yugang/index.html下载成功
2017-11-02 16:51:37	http://www.kaifakuai.com/fangan/dianxingyingyong/zitigui/index.html下载成功
2017-11-02 16:51:37	http://www.kaifakuai.com/fangan/xingyejiejuefangan/gongye/index.html下载成功
2017-11-02 16:51:37	http://www.kaifakuai.com/fangan/dianxingyingyong/zhaoming/index.html下载成功
2017-11-02 16:51:37	http://www.kaifakuai.com/fangan/dianxingyingyong/menjin/index.html下载成功
2017-11-02 16:51:37	http://www.kaifakuai.com/fangan/xingyejiejuefangan/feidaolu/index.html下载成功
2017-11-02 16:51:37	http://www.kaifakuai.com/fangan/dianxingyingyong/kafeiji/index.html下载成功
2017-11-02 16:51:37	http://www.kaifakuai.com/fangan/dianxingyingyong/qiche/index.html下载成功
2017-11-02 16:51:37	http://www.kaifakuai.com/fangan/xingyejiejuefangan/jichang/index.html下载成功
2017-11-02 16:51:38	http://www.kaifakuai.com/fangan/dianxingyingyong/kongqi/index.html下载成功
2017-11-02 16:51:38	http://www.kaifakuai.com/fangan/dianxingyingyong/yugang/index.html文件已存在：跳过
2017-11-02 16:51:38	http://www.kaifakuai.com/guanyulianxi/guanyu/index.html下载成功
2017-11-02 16:51:38	http://www.kaifakuai.com/guanyulianxi/lianxi/index.html下载成功
2017-11-02 16:51:38	http://www.kaifakuai.com/guanyulianxi/chuangyixiu/index.html下载成功
2017-11-02 16:51:38	http://www.kaifakuai.com/fangan/xingyejiejuefangan/znjd/index.html文件已存在：跳过
2017-11-02 16:51:38	http://www.kaifakuai.com/tianyiwulian/index.html下载成功
2017-11-02 16:51:38	http://www.kaifakuai.com/chanpin/wulianwangchanpin/GPRSGPSmokuai/index.html文件已存在：跳过
2017-11-02 16:51:39	http://developer.kaifakuai.com/文件已存在：跳过
2017-11-02 16:51:39	http://bbs.kaifakuai.com/thread-981-1-1.html文件已存在：跳过
2017-11-02 16:51:39	http://bbs.kaifakuai.com/thread-3877-1-1.html下载成功
2017-11-02 16:51:39	http://www.kaifakuai.com/chanpin/wulianwangyunfuwu/etilink/index.html文件已存在：跳过
2017-11-02 16:51:39	http://www.kaifakuai.com/chanpin/wulianwangyunfuwu/zhinengchuanganyun/index.html文件已存在：跳过
2017-11-02 16:51:39	http://www.kaifakuai.com/chanpin/wulianwangchanpin/WiFimokuai/index.html文件已存在：跳过
2017-11-02 16:51:39	http://www.kaifakuai.com/chanpin/wulianwangchanpin/GPRSmokuai/index.html文件已存在：跳过
2017-11-02 16:51:40	http://www.kaifakuai.com/chanpin/wulianwangchanpin/GPRSGPSmokuai/index.html文件已存在：跳过
2017-11-02 16:51:40	http://www.kaifakuai.com/chanpin/wulianwangchanpin/Loramokuai/index.html文件已存在：跳过
2017-11-02 16:51:40	http://www.kaifakuai.com/chanpin/wulianwangchanpin/zhinengzhukongban/index.html文件已存在：跳过
2017-11-02 16:51:40	http://www.kaifakuai.com/chanpin/wulianwangchanpin/kaifabanpingguban/index.html文件已存在：跳过
2017-11-02 16:51:40	http://www.kaifakuai.com/chanpin/beidoudingweichanpin/gaojingdumokuai/index.html文件已存在：跳过
2017-11-02 16:51:40	http://www.kaifakuai.com/chanpin/beidoudingweichanpin/zhinengchafenjizhan/index.html文件已存在：跳过
2017-11-02 16:51:40	http://www.kaifakuai.com/fangan/xingyejiejuefangan/znjd/index.html文件已存在：跳过
2017-11-02 16:51:40	http://www.kaifakuai.com/fangan/dianxingyingyong/qiche/index.html文件已存在：跳过
2017-11-02 16:51:40	http://www.kaifakuai.com/fangan/dianxingyingyong/yugang/index.html文件已存在：跳过
2017-11-02 16:51:40	http://www.kaifakuai.com/fangan/dianxingyingyong/kafeiji/index.html文件已存在：跳过
2017-11-02 16:51:40	http://www.kaifakuai.com/fangan/dianxingyingyong/kongqi/index.html文件已存在：跳过
2017-11-02 16:51:40	http://www.kaifakuai.com/fangan/dianxingyingyong/zitigui/index.html文件已存在：跳过
2017-11-02 16:51:40	http://www.kaifakuai.com/fangan/xingyejiejuefangan/znjd/index.html文件已存在：跳过
2017-11-02 16:51:40	http://www.kaifakuai.com/fangan/xingyejiejuefangan/znjd/index.html文件已存在：跳过
2017-11-02 16:51:40	http://www.kaifakuai.com/fangan/xingyejiejuefangan/gongye/index.html文件已存在：跳过
2017-11-02 16:51:40	http://www.kaifakuai.com/fangan/xingyejiejuefangan/feidaolu/index.html文件已存在：跳过
2017-11-02 16:51:40	http://www.kaifakuai.com/fangan/xingyejiejuefangan/jichang/index.html文件已存在：跳过
2017-11-02 16:51:40	http://developer.kaifakuai.com/文件已存在：跳过
2017-11-02 16:51:41	http://developer.kaifakuai.com/product.html下载成功
2017-11-02 16:51:41	http://developer.kaifakuai.com/文件已存在：跳过
2017-11-02 16:51:41	http://bbs.kaifakuai.com/文件已存在：跳过
2017-11-02 16:51:41	http://bbs.kaifakuai.com/thread-4015-1-1.html下载成功
2017-11-02 16:51:42	http://bbs.kaifakuai.com/forum-68-1.html下载成功
2017-11-02 16:51:42	http://www.kaifakuai.com/wulianwanghangye/index.html下载成功
2017-11-02 16:51:42	http://bbs.kaifakuai.com/forum-68-1.html文件已存在：跳过
2017-11-02 16:51:42	http://developer.kaifakuai.com/文件已存在：跳过
2017-11-02 16:51:42	http://bbs.kaifakuai.com/thread-3877-1-1.html文件已存在：跳过
2017-11-02 16:51:42	http://www.kaifakuai.com/zhinengyingjianjiejuefangan/文件已存在：跳过
2017-11-02 16:51:43	http://bbs.kaifakuai.com/forum-74-1.html下载成功
2017-11-02 16:51:43	http://www.kaifakuai.com/guanyulianxi/guanyu/index.html文件已存在：跳过
2017-11-02 16:51:43	http://www.kaifakuai.com/guanyulianxi/lianxi/index.html文件已存在：跳过
2017-11-02 16:51:43	http://www.kaifakuai.com/tianyiwulian/文件已存在：跳过
2017-11-02 16:51:43	http://bbs.kaifakuai.com/文件已存在：跳过
2017-11-02 16:51:43	http://www.kaifakuai.com/文件已存在：跳过
2017-11-02 16:51:43	http://www.kaifakuai.com/文件已存在：跳过
2017-11-02 16:51:43	http://www.kaifakuai.com/文件已存在：跳过
2017-11-02 16:51:47	http://www.kaifakuai.com/favicon.ico下载成功
2017-11-02 16:51:47	http://www.kaifakuai.com/css/head.css下载成功
2017-11-02 16:51:47	http://www.kaifakuai.com/css/flexslider.css下载成功
2017-11-02 16:51:47	http://www.kaifakuai.com/img/nav_h3.png下载成功
2017-11-02 16:51:47	http://www.kaifakuai.com/img/nav_h2.png下载成功
2017-11-02 16:51:47	http://www.kaifakuai.com/img/nav_h1.png下载成功
2017-11-02 16:51:47	http://www.kaifakuai.com/img/nav_h4.png下载成功
2017-11-02 16:51:47	http://www.kaifakuai.com/img/nav_h7.png下载成功
2017-11-02 16:51:47	http://www.kaifakuai.com/img/nav_h6.png下载成功
2017-11-02 16:51:47	http://www.kaifakuai.com/img/nav_h5.png下载成功
2017-11-02 16:51:47	http://www.kaifakuai.com/img/cu_ph.png下载成功
2017-11-02 16:51:47	http://www.kaifakuai.com/img/cu_phh.png下载成功
2017-11-02 16:51:47	http://www.kaifakuai.com/img/cu_qq.png下载成功
2017-11-02 16:51:47	http://www.kaifakuai.com/img/cu_qqh.png下载成功
2017-11-02 16:51:47	http://www.kaifakuai.com/img/cu_ej.png下载成功
2017-11-02 16:51:47	http://www.kaifakuai.com/img/cu_ejh.png下载成功
2017-11-02 16:51:47	http://www.kaifakuai.com/img/kefu_r_1.png下载成功
2017-11-02 16:51:47	http://www.kaifakuai.com/img/kefu_r_1.png文件已存在：跳过
2017-11-02 16:51:47	http://www.kaifakuai.com/img/kefu_r_2.png下载成功
2017-11-02 16:51:47	http://www.kaifakuai.com/img/kefu_r_2.png文件已存在：跳过
2017-11-02 16:51:47	http://www.kaifakuai.com/img/kefu_r_3.png下载成功
2017-11-02 16:51:47	http://www.kaifakuai.com/img/kefu_r_3.png文件已存在：跳过
2017-11-02 16:51:47	http://www.kaifakuai.com/img/kefu_r_d1.png下载成功
2017-11-02 16:51:47	http://www.kaifakuai.com/img/kefu_r_d2.png下载成功
2017-11-02 16:51:48	http://www.kaifakuai.com/img/kefu_r_d3.png下载成功
2017-11-02 16:51:48	http://www.kaifakuai.com/img/kefu_r_5.png下载成功
2017-11-02 16:51:48	http://www.kaifakuai.com/img/kefu_r_5h.png下载成功
2017-11-02 16:51:48	http://www.kaifakuai.com/img/icon_kf.png下载成功
2017-11-02 16:51:48	http://www.kaifakuai.com/img/icon_kf.png文件已存在：跳过
2017-11-02 16:51:48	http://www.kaifakuai.com/img/icon_wu.png下载成功
2017-11-02 16:51:48	http://www.kaifakuai.com/img/icon_wu.png文件已存在：跳过
2017-11-02 16:51:48	http://www.kaifakuai.com/img/icon_mian.png下载成功
2017-11-02 16:51:48	http://www.kaifakuai.com/img/icon_mian.png文件已存在：跳过
2017-11-02 16:51:48	http://www.kaifakuai.com/img/icon_10.png下载成功
2017-11-02 16:51:48	http://www.kaifakuai.com/img/icon_10.png文件已存在：跳过
2017-11-02 16:51:48	http://www.kaifakuai.com/img/cp_rm.jpg下载成功
2017-11-02 16:51:48	http://www.kaifakuai.com/img/cp_mf.jpg下载成功
2017-11-02 16:51:48	http://www.kaifakuai.com/img/cp_gprs.jpg下载成功
2017-11-02 16:51:48	http://www.kaifakuai.com/img/cp_wifi.jpg下载成功
2017-11-02 16:51:48	http://www.kaifakuai.com/img/cp_e103.jpg下载成功
2017-11-02 16:51:48	http://www.kaifakuai.com/img/cp_lora.jpg下载成功
2017-11-02 16:51:48	http://www.kaifakuai.com/img/cp_zkb.jpg下载成功
2017-11-02 16:51:48	http://www.kaifakuai.com/img/cp_pgb.jpg下载成功
2017-11-02 16:51:48	http://www.kaifakuai.com/img/cp_e103.jpg文件已存在：跳过
2017-11-02 16:51:48	http://www.kaifakuai.com/img/cp_cf.jpg下载成功
2017-11-02 16:51:48	http://www.kaifakuai.com/img/jjfa_bg.png下载成功
2017-11-02 16:51:48	http://www.kaifakuai.com/img/jjfa_qc.png下载成功
2017-11-02 16:51:48	http://www.kaifakuai.com/img/jjfa_dc.png下载成功
2017-11-02 16:51:48	http://www.kaifakuai.com/img/jjfa_jx.png下载成功
2017-11-02 16:51:49	http://www.kaifakuai.com/img/jjfa_yg.png下载成功
2017-11-02 16:51:49	http://www.kaifakuai.com/img/jjfa_kf.png下载成功
2017-11-02 16:51:49	http://www.kaifakuai.com/img/jjfa_kq.png下载成功
2017-11-02 16:51:49	http://www.kaifakuai.com/img/jjfa_qn.png下载成功
2017-11-02 16:51:49	http://www.kaifakuai.com/img/jjfz_jk.png下载成功
2017-11-02 16:51:49	http://www.kaifakuai.com/img/jjfa_ly.png下载成功
2017-11-02 16:51:49	http://www.kaifakuai.com/img/jjfa_wl.png下载成功
2017-11-02 16:51:49	http://www.kaifakuai.com/img/jjfa_cc.png下载成功
2017-11-02 16:51:49	http://www.kaifakuai.com/img/jjfa_zt.png下载成功
2017-11-02 16:51:49	http://www.kaifakuai.com/img/jjfa_ny.png下载成功
2017-11-02 16:51:49	http://www.kaifakuai.com/img/jjfa_yl.png下载成功
2017-11-02 16:51:49	http://www.kaifakuai.com/img/anli_bg.jpg下载成功
2017-11-02 16:51:49	http://www.kaifakuai.com/img/dingzhi_zx.jpg下载成功
2017-11-02 16:51:49	http://www.kaifakuai.com/img/wifi_banner.png下载成功
2017-11-02 16:51:49	http://www.kaifakuai.com/img/ETilink27.png下载成功
2017-11-02 16:51:49	http://www.kaifakuai.com/img/cgy27.png下载成功
2017-11-02 16:51:49	http://www.kaifakuai.com/img/wifi_banner.png文件已存在：跳过
2017-11-02 16:51:49	http://www.kaifakuai.com/img/2G_banner.png下载成功
2017-11-02 16:51:49	http://www.kaifakuai.com/img/gprs_banner.png下载成功
2017-11-02 16:51:49	http://www.kaifakuai.com/img/lora_banner.png下载成功
2017-11-02 16:51:49	http://www.kaifakuai.com/img/pingguban_banner.png下载成功
2017-11-02 16:51:50	http://www.kaifakuai.com/img/zhukongban_banner.png下载成功
2017-11-02 16:51:50	http://www.kaifakuai.com/img/jj_banner.png下载成功
2017-11-02 16:51:50	http://www.kaifakuai.com/img/jj_jiadian.png下载成功
2017-11-02 16:51:50	http://www.kaifakuai.com/img/jj_gongye.png下载成功
2017-11-02 16:51:50	http://www.kaifakuai.com/img/jj_feidaolu.png下载成功
2017-11-02 16:51:50	http://www.kaifakuai.com/img/jj_jichang.png下载成功
2017-11-02 16:51:50	http://www.kaifakuai.com/img/k_kafeji.png下载成功
2017-11-02 16:51:50	http://www.kaifakuai.com/img/k_kongqi.png下载成功
2017-11-02 16:51:50	http://www.kaifakuai.com/img/k_menjin.png下载成功
2017-11-02 16:51:50	http://www.kaifakuai.com/img/k_qiche.png下载成功
2017-11-02 16:51:50	http://www.kaifakuai.com/img/k_zhaoming.png下载成功
2017-11-02 16:51:50	http://www.kaifakuai.com/img/k_zitigui.png下载成功
2017-11-02 16:51:50	http://www.kaifakuai.com/img/menu_xiala.png下载成功
2017-11-02 16:51:50	http://www.kaifakuai.com/img/000xiala.png下载成功
2017-11-02 16:51:50	http://www.kaifakuai.com/img/Briefcase.png下载成功
2017-11-02 16:51:50	http://www.kaifakuai.com/img/Puzzle.png下载成功
2017-11-02 16:51:50	http://www.kaifakuai.com/img/cloud.png下载成功
2017-11-02 16:51:50	http://www.kaifakuai.com/img/Compass.png下载成功
2017-11-02 16:51:50	http://www.kaifakuai.com/img/hangyejjfa.png下载成功
2017-11-02 16:51:50	http://www.kaifakuai.com/img/dianxingjjfa.png下载成功
2017-11-02 16:51:50	http://www.kaifakuai.com/img/contact_usbg.png下载成功
2017-11-02 16:51:50	http://www.kaifakuai.com/img/cu_fw1.jpg下载成功
2017-11-02 16:51:50	http://www.kaifakuai.com/img/cu_fw2.jpg下载成功
2017-11-02 16:51:50	http://www.kaifakuai.com/img/cu_fw3.jpg下载成功
2017-11-02 16:51:50	http://www.kaifakuai.com/img/cu_fw4.jpg下载成功
2017-11-02 16:51:50	http://www.kaifakuai.com/img/cu_fw5.jpg下载成功
2017-11-02 16:51:50	http://www.kaifakuai.com/img/cu_fw6.jpg下载成功
2017-11-02 16:51:50	http://www.kaifakuai.com/img/cu_fw7.jpg下载成功
2017-11-02 16:51:50	http://www.kaifakuai.com/img/cu_fw8.jpg下载成功
2017-11-02 16:51:50	http://www.kaifakuai.com/img/lx_qq.png下载成功
2017-11-02 16:51:51	http://www.kaifakuai.com/img/lx_ej.png下载成功
2017-11-02 16:51:51	http://www.kaifakuai.com/img/lx_ph.png下载成功
2017-11-02 16:51:51	http://www.kaifakuai.com/img/news_rt1.png下载成功
2017-11-02 16:51:51	http://www.kaifakuai.com/img/news_rt2.png下载成功
2017-11-02 17:55:32	['/img/cp_rm_h.jpg', '/img/cp_mf_h.jpg', '/img/cp_rm.jpg', '/img/cp_mf.jpg', '/img/cp_gprs_h.jpg', '/img/cp_wifi_h.jpg', '/img/cp_e103_h.jpg', '/img/cp_lora_h.jpg', '/img/cp_zkb_h.jpg', '/img/cp_pgb_h.jpg', '/img/cp_gprs.jpg', '/img/cp_wifi.jpg', '/img/cp_e103.jpg', '/img/cp_lora.jpg', '/img/cp_zkb.jpg', '/img/cp_pgb.jpg', '/img/cp_e103_h.jpg', '/img/cp_cf_h.jpg', '/img/cp_e103.jpg', '/img/cp_cf.jpg']
2017-11-02 17:58:41	['/favicon.ico', '/css/head.css', '/css/flexslider.css', '/', 'javascript:void(0);', 'javascript:void(0);', 'http://developer.kaifakuai.com', 'http://bbs.kaifakuai.com/', 'javascript:void(0);', 'http://bbs.kaifakuai.com/thread-981-1-1.html', '/chanpin/wulianwangyunfuwu/etilink/', '/chanpin/wulianwangchanpin/WiFimokuai/', '/chanpin/wulianwangchanpin/zhinengzhukongban/', '/chanpin/beidoudingweichanpin/gaojingdumokuai/', '/chanpin/wulianwangyunfuwu/zhinengchuanganyun/', '/chanpin/wulianwangchanpin/GPRSmokuai/', '/chanpin/wulianwangchanpin/kaifabanpingguban/', '/chanpin/beidoudingweichanpin/zhinengchafenjizhan/', '/chanpin/wulianwangchanpin/GPRSGPSmokuai/', '/chanpin/wulianwangchanpin/Loramokuai/', '/fangan/xingyejiejuefangan/znjd/', '/fangan/dianxingyingyong/yugang/', '/fangan/dianxingyingyong/zitigui/', '/fangan/xingyejiejuefangan/gongye/', '/fangan/dianxingyingyong/zhaoming/', '/fangan/dianxingyingyong/menjin/', '/fangan/xingyejiejuefangan/feidaolu/', '/fangan/dianxingyingyong/kafeiji/', '/fangan/dianxingyingyong/qiche/', '/fangan/xingyejiejuefangan/jichang/', '/fangan/dianxingyingyong/kongqi/', '/fangan/list/', '/fangan/dianxingyingyong/yugang/', '/guanyulianxi/guanyu/', 'javascript:void(0);', 'javascript:void(0);', 'javascript:void(0);', 'http://wpa.qq.com/msgrd?v=3&amp;uin=394910396&amp;site=qq&amp;menu=yes', 'http://p.qiao.baidu.com/cps/chatIndex?reqParam=%7B%22from%22%3A0%2C%22sid%22%3A%22-100%22%2C%22tid%22%3A%22144992%22%2C%22ttype%22%3A1%2C%22siteId%22%3A%2210500188%22%2C%22userId%22%3A%2222536739%22%7D', 'http://p.qiao.baidu.com/cps/chatIndex?reqParam=%7B%22from%22%3A0%2C%22sid%22%3A%22-100%22%2C%22tid%22%3A%22145002%22%2C%22ttype%22%3A1%2C%22siteId%22%3A%2210500188%22%2C%22userId%22%3A%2222536739%22%7D', '/guanyulianxi/lianxi/', '/guanyulianxi/chuangyixiu/', '/fangan/xingyejiejuefangan/znjd/', '/tianyiwulian/', '/chanpin/wulianwangchanpin/GPRSGPSmokuai/', 'http://p.qiao.baidu.com/cps/chatIndex?reqParam=%7B%22from%22%3A0%2C%22sid%22%3A%22-100%22%2C%22tid%22%3A%22144992%22%2C%22ttype%22%3A1%2C%22siteId%22%3A%2210500188%22%2C%22userId%22%3A%2222536739%22%7D', 'http://developer.kaifakuai.com/', 'http://bbs.kaifakuai.com/thread-981-1-1.html', 'http://bbs.kaifakuai.com/thread-3877-1-1.html', '/chanpin/wulianwangyunfuwu/etilink/', '/chanpin/wulianwangyunfuwu/zhinengchuanganyun/', '/chanpin/wulianwangchanpin/WiFimokuai/', '/chanpin/wulianwangchanpin/GPRSmokuai/', '/chanpin/wulianwangchanpin/GPRSGPSmokuai/', '/chanpin/wulianwangchanpin/Loramokuai/', '/chanpin/wulianwangchanpin/zhinengzhukongban/', '/chanpin/wulianwangchanpin/kaifabanpingguban/', '/chanpin/beidoudingweichanpin/gaojingdumokuai/', '/chanpin/beidoudingweichanpin/zhinengchafenjizhan/', '/fangan/xingyejiejuefangan/znjd/', '/fangan/dianxingyingyong/qiche/', 'javascript:void(0);', 'javascript:void(0);', '/fangan/dianxingyingyong/yugang/', '/fangan/dianxingyingyong/kafeiji/', '/fangan/dianxingyingyong/kongqi/', 'javascript:void(0);', 'javascript:void(0);', 'javascript:void(0);', 'javascript:void(0);', 'javascript:void(0);', '/fangan/dianxingyingyong/zitigui/', 'javascript:void(0);', 'javascript:void(0);', '/fangan/xingyejiejuefangan/znjd/', '/fangan/xingyejiejuefangan/znjd/', '/fangan/xingyejiejuefangan/gongye/', '/fangan/xingyejiejuefangan/feidaolu/', '/fangan/xingyejiejuefangan/jichang/', 'http://p.qiao.baidu.com/cps/chatIndex?reqParam=%7B%22from%22%3A0%2C%22sid%22%3A%22-100%22%2C%22tid%22%3A%22144992%22%2C%22ttype%22%3A1%2C%22siteId%22%3A%2210500188%22%2C%22userId%22%3A%2222536739%22%7D', 'http://developer.kaifakuai.com/', 'http://developer.kaifakuai.com/product.html', 'http://developer.kaifakuai.com/', 'http://bbs.kaifakuai.com/', 'http://bbs.kaifakuai.com/thread-4015-1-1.html', 'http://bbs.kaifakuai.com/forum-68-1.html', '/wulianwanghangye/', '/zhinengyingjianjiejuefangan/2017-11-02/128.html', '/zhinengyingjianjiejuefangan/2017-11-01/127.html', '/guanyukaifakuai/2016-12-02/31.html', 'https://shop140918264.taobao.com/shop/view_shop.htm?tracelog=twddp&amp;user_number_id=2703200015&amp;qq-pf-to=pcqq.c2c', 'http://bbs.kaifakuai.com/forum-68-1.html', 'http://developer.kaifakuai.com/', 'http://bbs.kaifakuai.com/thread-3877-1-1.html', 'http://www.kaifakuai.com/zhinengyingjianjiejuefangan/', 'http://bbs.kaifakuai.com/forum-74-1.html', '/guanyulianxi/guanyu/', '/guanyulianxi/lianxi/', 'http://www.kaifakuai.com/tianyiwulian/', 'http://bbs.kaifakuai.com/', 'http://www.kaifakuai.com/', 'http://www.kaifakuai.com/', 'http://www.kaifakuai.com/', 'http://www.digiic.com/', 'http://www.beian.gov.cn/portal/registerSystemInfo?recordcode=43019002000310', 'http://windows.microsoft.com/zh-CN/windows/upgrade-your-browser', 'http://rj.baidu.com/soft/detail/14744.html', 'http://firefox.com.cn/', 'http://www.opera.com/', 'http://www.apple.com/safari/', 'http://www.beian.gov.cn/portal/registerSystemInfo?recordcode=43019002000310', 'http://p.qiao.baidu.com/cps/chatIndex?reqParam=%7B%22from%22%3A0%2C%22sid%22%3A%22-100%22%2C%22tid%22%3A%22144992%22%2C%22ttype%22%3A1%2C%22siteId%22%3A%2210500188%22%2C%22userId%22%3A%2222536739%22%7D', 'http://p.qiao.baidu.com/cps/chatIndex?reqParam=%7B%22from%22%3A0%2C%22sid%22%3A%22-100%22%2C%22tid%22%3A%22145002%22%2C%22ttype%22%3A1%2C%22siteId%22%3A%2210500188%22%2C%22userId%22%3A%2222536739%22%7D', 'http://wpa.qq.com/msgrd?v=3&amp;uin=394910396&amp;site=qq&amp;menu=yes', '/guanyukaifakuai/2016-12-02/31.html']
2017-11-02 17:58:49	['/js/device.min.js', '/js/jquery.min1.7.2.js', '/img/kaifakuai_logo.png', '/img/mianfei_kaifanban.png', '/img/bannner527.png', '/img/banner1.png', '/img/banner517.png', '/img/banner2.png', '/img/cp_free_img.png', '/img/anli_1.png', '/img/anli_2.png', '/img/anli_3.png', '/img/anli_4.png', '/img/dingzhi_zx1.png', '/img/dingzhi_zx2.png', '/img/dingzhi_zx3.png', '/img/dingzhi_zx4.png', '/img/dingzhi_zx5.png', '/img/us_fx_1.jpg', '/img/us_fx_2.jpg', '/img/us_fx_3.jpg', '/img/foot_phone.png', '/img/duihuawanwu.png', '/img/kfk_wx.png', '/js/footer2.js', '/img/beian.gov.cn.png', '/js/jquery.flexslider-min.js']
