2017-02-17 08:57:32	http://image.tianjimedia.com//uploadImages/2016/013/54/W477235S271K_2.jpg文件已存在：跳过
2017-02-17 08:59:24	http://image.tianjimedia.com//uploadImages/2016/013/54/W477235S271K_2.jpg文件已存在：跳过
2017-02-17 08:59:26	http://image.tianjimedia.com//uploadImages/2016/013/54/W477235S271K_2.jpg文件已存在：跳过
2017-02-17 09:03:41	http://yesky.img.zz314.com/2016-12-05/4e4ae58eceab0f791fb64328c759b535.jpg文件已存在：跳过
2017-02-17 09:03:42	http://image.tianjimedia.com/uploadImages/2016/049/22/W21K6SJZ67QB.png文件已存在：跳过
2017-02-17 09:03:43	http://image.tianjimedia.com/uploadImages/2016/049/23/Y941B84F466H.png文件已存在：跳过
2017-02-17 09:03:43	http://image.tianjimedia.com/uploadImages/2016/049/23/Z5L8P7G8E463.png文件已存在：跳过
2017-02-17 09:03:43	http://image.tianjimedia.com/uploadImages/2016/049/23/X6T8HSVGCRF4.png文件已存在：跳过
2017-02-17 09:03:44	http://image.tianjimedia.com/uploadImages/2016/049/21/5QR8TBXIN248.png文件已存在：跳过
2017-02-17 09:03:47	http://image.tianjimedia.com//uploadImages/2014/087/11/OX1448Y94668_2.png文件已存在：跳过
2017-02-17 09:03:47	http://image.tianjimedia.com//uploadImages/2014/087/11/OX1448Y94668_2.png文件已存在：跳过
2017-02-17 09:06:57	http://image.tianjimedia.com//uploadImages/2014/087/11/OX1448Y94668_2.png文件已存在：跳过
2017-02-17 09:08:52	http://image.tianjimedia.com//uploadImages/2016/252/03/W30KRF2YAGC6_2.png文件已存在：跳过
2017-02-17 09:08:52	http://image.tianjimedia.com//uploadImages/2016/252/03/W30KRF2YAGC6_2.png文件已存在：跳过
2017-02-17 09:08:53	http://yesky.img.zz314.com/2017-02-16/917bc2aa52fdc446b098fb5f50ef3237.jpg文件已存在：跳过
2017-02-17 09:08:53	http://yesky.img.zz314.com/2017-02-16/cfec64fc60d688febb481cea4410dd3c.jpg文件已存在：跳过
2017-02-17 09:08:53	http://yesky.img.zz314.com/2017-02-16/d7a7601ba467fc14580b3fc08ca53217.jpg文件已存在：跳过
2017-02-17 09:08:53	http://yesky.img.zz314.com/2017-02-16/a9e0ad3fbab14a5476a7e844c3e80e31.jpg文件已存在：跳过
2017-02-17 09:08:54	http://yesky.img.zz314.com/2017-02-16/0b7a6a12a21453182e5bd771211ed125.jpg文件已存在：跳过
2017-02-17 09:08:54	http://yesky.img.zz314.com/2017-02-16/903528152e4b255f2b6e8f198bcd742c.jpg文件已存在：跳过
2017-02-17 09:08:54	http://yesky.img.zz314.com/2017-02-16/0905151e857b74d7a848c57ab7a9cfc0.png文件已存在：跳过
2017-02-17 09:08:54	http://yesky.img.zz314.com/2017-02-16/0905151e857b74d7a848c57ab7a9cfc0.png文件已存在：跳过
2017-02-17 09:08:55	http://yesky.img.zz314.com/2017-02-16/07d98d64935e70280cc93bf4a890c733.jpg文件已存在：跳过
2017-02-17 09:08:55	http://yesky.img.zz314.com/2017-02-16/0dbfff609ef8deaee65acba539baa815.png文件已存在：跳过
2017-02-17 09:08:55	http://yesky.img.zz314.com/2017-02-16/fb03a531fc620d442c768774e111c354.png文件已存在：跳过
2017-02-17 09:08:56	http://image.tianjimedia.com//uploadImages/2016/012/28/Z49A531Q13QM_2.png文件已存在：跳过
2017-02-17 09:08:56	http://image.tianjimedia.com//uploadImages/2016/012/28/Z49A531Q13QM_2.png文件已存在：跳过
2017-02-17 09:08:56	http://yesky.img.zz314.com/2017-02-16/f34123f63a74900cf108125243ae2e01.jpg文件已存在：跳过
2017-02-17 09:08:56	http://yesky.img.zz314.com/2017-02-16/c1d38dcd135b51e763721a31f5c34920.png文件已存在：跳过
2017-02-17 09:08:56	http://image.tianjimedia.com/uploadImages/2016/285/58/014O31U5G8I4.png文件已存在：跳过
2017-02-17 09:08:57	http://image.tianjimedia.com/uploadImages/2016/285/58/8ZL029066IG7.png文件已存在：跳过
2017-02-17 09:08:57	http://image.tianjimedia.com//uploadImages/2016/288/51/W6JG289O5U2I_2.png文件已存在：跳过
2017-02-17 09:08:57	http://image.tianjimedia.com//uploadImages/2016/288/51/W6JG289O5U2I_2.png文件已存在：跳过
2017-02-17 09:08:57	http://yesky.img.zz314.com/2017-02-06/8920a646eed8e3943c722b12467febdb.jpg文件已存在：跳过
2017-02-17 09:08:58	http://image.tianjimedia.com/uploadImages/2016/288/48/NC6406HM71HX.png文件已存在：跳过
2017-02-17 09:08:58	http://image.tianjimedia.com/uploadImages/2016/288/48/L3104YZZ925L.png文件已存在：跳过
2017-02-17 09:08:58	http://image.tianjimedia.com/uploadImages/2016/288/48/N7ZGLC0VC6IU.png文件已存在：跳过
2017-02-17 09:08:58	http://image.tianjimedia.com/uploadImages/2016/288/48/G324S54117U1.png文件已存在：跳过
2017-02-17 09:08:59	http://image.tianjimedia.com/uploadImages/2016/333/31/G9677H7C66D0_2.png文件已存在：跳过
2017-02-17 09:08:59	http://image.tianjimedia.com/uploadImages/2016/333/31/G9677H7C66D0_2.png文件已存在：跳过
2017-02-17 09:08:59	http://yesky.img.zz314.com/2017-02-04/ef55b64331930945d1ab30607e9c7d24.jpg文件已存在：跳过
2017-02-17 09:08:59	http://yesky.img.zz314.com/2017-02-04/26346b17801bc06940cbf3bc84a12901.jpg文件已存在：跳过
2017-02-17 09:08:59	http://yesky.img.zz314.com/2017-02-04/465aaa915a245e7c10a28e58340bc2a8.jpg文件已存在：跳过
2017-02-17 09:08:59	http://yesky.img.zz314.com/2017-02-04/bb49c3f9a600d309e95abb412a0af833.jpg文件已存在：跳过
2017-02-17 09:09:00	http://image.tianjimedia.com/uploadImages/2016/333/31/0R80P8L31H7O.png文件已存在：跳过
2017-02-17 09:09:00	http://image.tianjimedia.com/uploadImages/2016/333/30/DEN6C663HBID.png文件已存在：跳过
2017-02-17 09:09:00	http://image.tianjimedia.com/uploadImages/2016/333/30/TESF1TB0L12Q.jpg文件已存在：跳过
2017-02-17 09:09:01	http://image.tianjimedia.com//uploadImages/2016/013/54/W477235S271K_2.jpg文件已存在：跳过
2017-02-17 09:09:01	http://image.tianjimedia.com//uploadImages/2016/013/54/W477235S271K_2.jpg文件已存在：跳过
2017-02-17 09:09:01	http://yesky.img.zz314.com/2016-12-05/4e4ae58eceab0f791fb64328c759b535.jpg文件已存在：跳过
2017-02-17 09:09:02	http://image.tianjimedia.com/uploadImages/2016/049/22/W21K6SJZ67QB.png文件已存在：跳过
2017-02-17 09:09:02	http://image.tianjimedia.com/uploadImages/2016/049/23/Y941B84F466H.png文件已存在：跳过
2017-02-17 09:09:02	http://image.tianjimedia.com/uploadImages/2016/049/23/Z5L8P7G8E463.png文件已存在：跳过
2017-02-17 09:09:02	http://image.tianjimedia.com/uploadImages/2016/049/23/X6T8HSVGCRF4.png文件已存在：跳过
2017-02-17 09:09:03	http://image.tianjimedia.com/uploadImages/2016/049/21/5QR8TBXIN248.png文件已存在：跳过
2017-02-17 09:09:03	http://image.tianjimedia.com//uploadImages/2014/087/11/OX1448Y94668_2.png文件已存在：跳过
2017-02-17 09:09:03	http://image.tianjimedia.com//uploadImages/2014/087/11/OX1448Y94668_2.png文件已存在：跳过
2017-02-17 09:09:03	http://yesky.img.zz314.com/2017-01-04/2b8f46dd46e8b51e0371ecaf776e2c39.png文件已存在：跳过
2017-02-17 09:09:04	http://image.tianjimedia.com/uploadImages/2016/048/25/3NF9ZD1V6355.png文件已存在：跳过
2017-02-17 09:09:04	http://image.tianjimedia.com/uploadImages/2016/048/24/MQ38G7T29SB6.png文件已存在：跳过
2017-02-17 09:09:04	http://image.tianjimedia.com/uploadImages/2016/048/23/3E9U44858ZHQ.png文件已存在：跳过
2017-02-17 09:09:05	http://image.tianjimedia.com/uploadImages/2016/048/23/6M5X73B6MY4C.png文件已存在：跳过
2017-02-17 09:09:05	http://image.tianjimedia.com/uploadImages/2016/048/22/GMY45JR5J9FF.png文件已存在：跳过
2017-02-17 09:09:06	http://yesky.img.zz314.com/2017-02-16/5db3c23f7ddafe7eec043a190b8d4e53.jpg文件已存在：跳过
2017-02-17 09:09:06	http://yesky.img.zz314.com/2017-02-16/5db3c23f7ddafe7eec043a190b8d4e53.jpg文件已存在：跳过
2017-02-17 09:09:06	http://yesky.img.zz314.com/2017-02-16/13ce1a1640ecf6fd2148a56a1e230299.jpg文件已存在：跳过
2017-02-17 09:09:06	http://yesky.img.zz314.com/2017-02-16/fad166ccdd58f9035fa9093f620a42e7.jpg文件已存在：跳过
2017-02-17 09:09:06	http://image.tianjimedia.com//uploadImages/2016/268/01/DBD577P8WK1G.png文件已存在：跳过
2017-02-17 09:09:07	http://image.tianjimedia.com//uploadImages/2016/268/01/DBD577P8WK1G.png文件已存在：跳过
2017-02-17 09:09:07	http://yesky.img.zz314.com/2017-02-16/1d00644b99998604e80289dafbbe5df5.jpg下载成功
2017-02-17 09:09:07	http://yesky.img.zz314.com/2017-02-16/cfee7ac6e1d4c7c64c79c4fd56ab4597.png下载成功
2017-02-17 09:09:07	http://yesky.img.zz314.com/2017-02-16/d2dd7a0bbc33f80955c01cd9118223c5.png下载成功
2017-02-17 09:09:08	http://yesky.img.zz314.com/2017-02-16/abd7dce350873078fbf9211d4ba44931.png下载成功
2017-02-17 09:09:08	http://image.tianjimedia.com/uploadImages/2016/268/22/ZE58QI68QD78.png文件已存在：跳过
2017-02-17 09:09:08	http://image.tianjimedia.com/uploadImages/2016/268/22/815VCX8GOHFF.png文件已存在：跳过
2017-02-17 09:09:08	http://image.tianjimedia.com/uploadImages/2016/268/22/U0YDN60894WP.png文件已存在：跳过
2017-02-17 09:09:09	http://image.tianjimedia.com/uploadImages/2016/268/57/7Z71A2EXDKF0.png文件已存在：跳过
2017-02-17 09:09:09	http://yesky.img.zz314.com/2017-02-16/ec894dca62d32974c3aa7b1a1b736d4e.png文件已存在：跳过
2017-02-17 09:09:09	http://yesky.img.zz314.com/2017-02-16/ec894dca62d32974c3aa7b1a1b736d4e.png文件已存在：跳过
2017-02-17 09:09:09	http://yesky.img.zz314.com/2017-02-16/1fbc89511bf028496090537c18356c36.jpg文件已存在：跳过
2017-02-17 09:09:10	http://yesky.img.zz314.com/2017-02-16/da944161924be7e8f10d53e27d19e19f.jpg文件已存在：跳过
2017-02-17 09:09:10	http://yesky.img.zz314.com/2017-02-16/43f3ccd9abe55b1efad4bd4f841b02d0.jpg文件已存在：跳过
2017-02-17 09:09:10	http://image.tianjimedia.com//uploadImages/2014/189/22/MT2SFKT98SYH_2.png文件已存在：跳过
2017-02-17 09:09:10	http://image.tianjimedia.com//uploadImages/2014/189/22/MT2SFKT98SYH_2.png文件已存在：跳过
2017-02-17 09:09:10	http://yesky.img.zz314.com/2017-02-16/d300638998a41b7a2fc842be8a25a4db.jpg下载成功
2017-02-17 09:09:11	http://image.tianjimedia.com/uploadImages/2016/274/36/1OPJA30IKPS6.png文件已存在：跳过
2017-02-17 09:09:11	http://image.tianjimedia.com/uploadImages/2016/274/39/HDZBRX46AF1A.png文件已存在：跳过
2017-02-17 09:09:11	http://yesky.img.zz314.com/2017-02-16/0522e9fc580873f2decfddf10ccd6496.jpg下载成功
2017-02-17 09:09:12	http://yesky.img.zz314.com/2017-02-16/03469420ad090a86fdf0b64e2a4ce144.jpg下载成功
2017-02-17 09:09:13	http://yesky.img.zz314.com/2017-02-16/b83604044d4746bd91f1b97a5074530a.jpg文件已存在：跳过
2017-02-17 09:09:13	http://yesky.img.zz314.com/2017-02-16/b83604044d4746bd91f1b97a5074530a.jpg文件已存在：跳过
2017-02-17 09:09:13	http://yesky.img.zz314.com/2017-02-16/d8b2d98af4f3399e34455fa032b860a0.jpg文件已存在：跳过
2017-02-17 09:09:13	http://yesky.img.zz314.com/2017-02-16/7e577f6670d25e58e4fd9b8377e5cdfe.png文件已存在：跳过
2017-02-17 09:09:13	http://yesky.img.zz314.com/2017-02-16/129209841d4ed183409e8a864dbfd2ef.png文件已存在：跳过
2017-02-17 09:09:13	http://yesky.img.zz314.com/2017-02-16/4d84503c7417145d02b9248bb1af93b6.png文件已存在：跳过
2017-02-17 09:09:13	http://yesky.img.zz314.com/2017-02-16/552ebc9bf5b4a5b0065e1ef82720a19d.png文件已存在：跳过
2017-02-17 09:09:13	http://yesky.img.zz314.com/2017-02-16/608b5d8dc401b65ac40c96569bbf9945.jpg文件已存在：跳过
2017-02-17 09:09:14	http://yesky.img.zz314.com/2017-02-16/78d6d327b1c36541785e55d6bc42a5a4.png文件已存在：跳过
2017-02-17 09:09:14	http://yesky.img.zz314.com/2017-02-16/2323d2a667089bc48439291bf9495413.png文件已存在：跳过
2017-02-17 09:09:14	http://yesky.img.zz314.com/2017-02-16/1ef739ecd89b724978fcad5e2b4fbe42.png文件已存在：跳过
2017-02-17 09:09:14	http://yesky.img.zz314.com/2017-02-16/389fc74f220fdd72e46ac082e4567dad.png文件已存在：跳过
2017-02-17 09:09:15	http://image.tianjimedia.com//uploadImages/2015/239/53/UW9P3Y39Z9G3_2.png文件已存在：跳过
2017-02-17 09:09:15	http://image.tianjimedia.com//uploadImages/2015/239/53/UW9P3Y39Z9G3_2.png文件已存在：跳过
2017-02-17 09:09:15	http://yesky.img.zz314.com/2017-02-16/5ee275d74ecf0ab563478659798f5422.jpg文件已存在：跳过
2017-02-17 09:09:15	http://image.tianjimedia.com/uploadImages/2016/307/14/45AT0720YW2H.jpg文件已存在：跳过
2017-02-17 09:09:15	http://image.tianjimedia.com/uploadImages/2016/307/14/74P6AB838WXK.jpg文件已存在：跳过
2017-02-17 09:09:16	http://image.tianjimedia.com//uploadImages/2016/285/57/1BPQ335963QY_2.jpg文件已存在：跳过
2017-02-17 09:09:16	http://image.tianjimedia.com//uploadImages/2016/285/57/1BPQ335963QY_2.jpg文件已存在：跳过
2017-02-17 09:09:16	http://yesky.img.zz314.com/2017-02-16/2d09bc8c922b1e1de3f9b96dd7d663b3.jpg文件已存在：跳过
2017-02-17 09:09:16	http://yesky.img.zz314.com/2017-02-16/40856aa6b6e770006748bc50572bfcd5.png文件已存在：跳过
2017-02-17 09:09:17	http://image.tianjimedia.com/uploadImages/2016/285/32/5O31IKBCQ518.jpg文件已存在：跳过
2017-02-17 09:09:17	http://yesky.img.zz314.com/2017-02-16/299aeaa3a986f071bafb5bed8168106a.jpg文件已存在：跳过
2017-02-17 09:09:17	http://yesky.img.zz314.com/2017-02-16/299aeaa3a986f071bafb5bed8168106a.jpg文件已存在：跳过
2017-02-17 09:09:17	http://yesky.img.zz314.com/2017-02-16/84712ea8a0c4fd7e0bada43656109a8c.jpg文件已存在：跳过
2017-02-17 09:09:18	http://yesky.img.zz314.com/2017-02-16/681c790897b15a41667b751c582005e7.jpg文件已存在：跳过
2017-02-17 09:09:18	http://yesky.img.zz314.com/2017-02-16/e245c542cddb4a203abf2b71a3db643b.jpg文件已存在：跳过
2017-02-17 09:09:18	http://yesky.img.zz314.com/2017-02-16/2106d740417672b392a046c226b2eabb.jpg文件已存在：跳过
2017-02-17 09:09:19	http://yesky.img.zz314.com/2017-02-16/8e6b707329b3345eb735fdc3ffc4c412.png文件已存在：跳过
2017-02-17 09:09:19	http://yesky.img.zz314.com/2017-02-16/8e6b707329b3345eb735fdc3ffc4c412.png文件已存在：跳过
2017-02-17 09:09:19	http://yesky.img.zz314.com/2017-02-16/de7adef2d17dc9b37cbe3fff424c2600.jpg文件已存在：跳过
2017-02-17 09:09:19	http://yesky.img.zz314.com/2017-02-16/ba1c6ce371260b5683c8270846a3baed.png文件已存在：跳过
2017-02-17 09:09:19	http://image.tianjimedia.com//uploadImages/2016/019/05/10IG00J5BV0L_2.png文件已存在：跳过
2017-02-17 09:09:19	http://image.tianjimedia.com//uploadImages/2016/019/05/10IG00J5BV0L_2.png文件已存在：跳过
2017-02-17 09:09:20	http://yesky.img.zz314.com/2017-02-16/c5364ed058b31c10353d195eb20a01a0.png文件已存在：跳过
2017-02-17 09:09:20	http://yesky.img.zz314.com/2017-02-16/61a452056be98c76c2ba6073a928c1df.jpg文件已存在：跳过
2017-02-17 09:09:20	http://image.tianjimedia.com//uploadImages/2016/305/03/4OHH51Y56618_2.jpg文件已存在：跳过
2017-02-17 09:09:20	http://image.tianjimedia.com//uploadImages/2016/305/03/4OHH51Y56618_2.jpg文件已存在：跳过
2017-02-17 09:09:21	http://yesky.img.zz314.com/2017-02-16/9469aa3575e1c09ca85dc6911cce5978.jpg下载成功
2017-02-17 09:09:21	http://image.tianjimedia.com/uploadImages/2016/305/53/4V5G054MWCQB.jpg文件已存在：跳过
2017-02-17 09:09:21	http://yesky.img.zz314.com/2017-02-16/b2307aeaa1890fd8f3fd39dadee5feb2.png文件已存在：跳过
2017-02-17 09:09:21	http://yesky.img.zz314.com/2017-02-16/b2307aeaa1890fd8f3fd39dadee5feb2.png文件已存在：跳过
2017-02-17 09:09:22	http://yesky.img.zz314.com/2017-02-16/a7e26f35b05d3663670a36f95ddb16ca.jpg文件已存在：跳过
2017-02-17 09:09:22	http://yesky.img.zz314.com/2017-02-16/9bfbef58458c1a1fd5861fab4a61ff1e.jpg文件已存在：跳过
2017-02-17 09:09:22	http://yesky.img.zz314.com/2017-02-16/56915949f15f1167ef03f1c0111a3923.jpg文件已存在：跳过
2017-02-17 09:09:22	http://yesky.img.zz314.com/2017-02-16/5d51a348caf0e188b7b8ac8b67aaf577.jpg文件已存在：跳过
2017-02-17 09:09:23	http://yesky.img.zz314.com/2017-02-16/b7c7faef3ee47db680f73c0283a5bd18.jpg文件已存在：跳过
2017-02-17 09:09:23	http://yesky.img.zz314.com/2017-02-16/b7c7faef3ee47db680f73c0283a5bd18.jpg文件已存在：跳过
2017-02-17 09:09:23	http://yesky.img.zz314.com/2017-02-16/8c96289d4670eadb19b205e9cf78d401.jpg文件已存在：跳过
2017-02-17 09:09:23	http://yesky.img.zz314.com/2017-02-16/78aacae66b103014a19b56ca2fbd2fd8.jpg文件已存在：跳过
2017-02-17 09:09:23	http://yesky.img.zz314.com/2017-02-16/a3059856c5d8e4a1f755235962d3faa8.jpg文件已存在：跳过
2017-02-17 09:09:24	http://yesky.img.zz314.com/2017-02-16/11614402e9b4223d4c00374e0aa16921.jpg文件已存在：跳过
2017-02-17 09:39:32	http://image.tianjimedia.com//uploadImages/2016/252/03/W30KRF2YAGC6_2.png下载成功
2017-02-17 09:39:32	http://image.tianjimedia.com//uploadImages/2016/252/03/W30KRF2YAGC6_2.png文件已存在：跳过
2017-02-17 09:39:32	http://yesky.img.zz314.com/2017-02-16/917bc2aa52fdc446b098fb5f50ef3237.jpg下载成功
2017-02-17 09:39:32	http://yesky.img.zz314.com/2017-02-16/cfec64fc60d688febb481cea4410dd3c.jpg下载成功
2017-02-17 09:39:32	http://yesky.img.zz314.com/2017-02-16/d7a7601ba467fc14580b3fc08ca53217.jpg下载成功
2017-02-17 09:39:33	http://yesky.img.zz314.com/2017-02-16/a9e0ad3fbab14a5476a7e844c3e80e31.jpg下载成功
2017-02-17 09:39:33	http://yesky.img.zz314.com/2017-02-16/0b7a6a12a21453182e5bd771211ed125.jpg下载成功
2017-02-17 09:39:33	http://yesky.img.zz314.com/2017-02-16/903528152e4b255f2b6e8f198bcd742c.jpg下载成功
2017-02-17 09:39:34	http://yesky.img.zz314.com/2017-02-16/0905151e857b74d7a848c57ab7a9cfc0.png下载成功
2017-02-17 09:39:34	http://yesky.img.zz314.com/2017-02-16/0905151e857b74d7a848c57ab7a9cfc0.png文件已存在：跳过
2017-02-17 09:39:34	http://yesky.img.zz314.com/2017-02-16/07d98d64935e70280cc93bf4a890c733.jpg下载成功
2017-02-17 09:39:34	http://yesky.img.zz314.com/2017-02-16/0dbfff609ef8deaee65acba539baa815.png下载成功
2017-02-17 09:39:34	http://yesky.img.zz314.com/2017-02-16/fb03a531fc620d442c768774e111c354.png下载成功
2017-02-17 09:39:35	http://image.tianjimedia.com//uploadImages/2016/012/28/Z49A531Q13QM_2.png下载成功
2017-02-17 09:39:35	http://image.tianjimedia.com//uploadImages/2016/012/28/Z49A531Q13QM_2.png文件已存在：跳过
2017-02-17 09:39:35	http://yesky.img.zz314.com/2017-02-16/f34123f63a74900cf108125243ae2e01.jpg下载成功
2017-02-17 09:39:35	http://yesky.img.zz314.com/2017-02-16/c1d38dcd135b51e763721a31f5c34920.png下载成功
2017-02-17 09:39:35	http://image.tianjimedia.com/uploadImages/2016/285/58/014O31U5G8I4.png下载成功
2017-02-17 09:39:36	http://image.tianjimedia.com/uploadImages/2016/285/58/8ZL029066IG7.png下载成功
2017-02-17 09:39:36	http://image.tianjimedia.com//uploadImages/2016/288/51/W6JG289O5U2I_2.png下载成功
2017-02-17 09:39:36	http://image.tianjimedia.com//uploadImages/2016/288/51/W6JG289O5U2I_2.png文件已存在：跳过
2017-02-17 09:39:36	http://yesky.img.zz314.com/2017-02-06/8920a646eed8e3943c722b12467febdb.jpg下载成功
2017-02-17 09:39:37	http://image.tianjimedia.com/uploadImages/2016/288/48/NC6406HM71HX.png下载成功
2017-02-17 09:39:37	http://image.tianjimedia.com/uploadImages/2016/288/48/L3104YZZ925L.png下载成功
2017-02-17 09:39:37	http://image.tianjimedia.com/uploadImages/2016/288/48/N7ZGLC0VC6IU.png下载成功
2017-02-17 09:39:37	http://image.tianjimedia.com/uploadImages/2016/288/48/G324S54117U1.png下载成功
2017-02-17 09:39:38	http://image.tianjimedia.com/uploadImages/2016/333/31/G9677H7C66D0_2.png下载成功
2017-02-17 09:39:38	http://image.tianjimedia.com/uploadImages/2016/333/31/G9677H7C66D0_2.png文件已存在：跳过
2017-02-17 09:39:38	http://yesky.img.zz314.com/2017-02-04/ef55b64331930945d1ab30607e9c7d24.jpg下载成功
2017-02-17 09:39:38	http://yesky.img.zz314.com/2017-02-04/26346b17801bc06940cbf3bc84a12901.jpg下载成功
2017-02-17 09:39:38	http://yesky.img.zz314.com/2017-02-04/465aaa915a245e7c10a28e58340bc2a8.jpg下载成功
2017-02-17 09:39:38	http://yesky.img.zz314.com/2017-02-04/bb49c3f9a600d309e95abb412a0af833.jpg下载成功
2017-02-17 09:39:38	http://image.tianjimedia.com/uploadImages/2016/333/31/0R80P8L31H7O.png下载成功
2017-02-17 09:39:39	http://image.tianjimedia.com/uploadImages/2016/333/30/DEN6C663HBID.png下载成功
2017-02-17 09:39:39	http://image.tianjimedia.com/uploadImages/2016/333/30/TESF1TB0L12Q.jpg下载成功
2017-02-17 09:39:40	http://image.tianjimedia.com//uploadImages/2016/013/54/W477235S271K_2.jpg下载成功
2017-02-17 09:39:40	http://image.tianjimedia.com//uploadImages/2016/013/54/W477235S271K_2.jpg文件已存在：跳过
2017-02-17 09:39:40	http://yesky.img.zz314.com/2016-12-05/4e4ae58eceab0f791fb64328c759b535.jpg下载成功
2017-02-17 09:39:41	http://image.tianjimedia.com/uploadImages/2016/049/22/W21K6SJZ67QB.png下载成功
2017-02-17 09:39:41	http://image.tianjimedia.com/uploadImages/2016/049/23/Y941B84F466H.png下载成功
2017-02-17 09:39:41	http://image.tianjimedia.com/uploadImages/2016/049/23/Z5L8P7G8E463.png下载成功
2017-02-17 09:39:41	http://image.tianjimedia.com/uploadImages/2016/049/23/X6T8HSVGCRF4.png下载成功
2017-02-17 09:39:42	http://image.tianjimedia.com/uploadImages/2016/049/21/5QR8TBXIN248.png下载成功
2017-02-17 09:39:42	http://image.tianjimedia.com//uploadImages/2014/087/11/OX1448Y94668_2.png下载成功
2017-02-17 09:39:42	http://image.tianjimedia.com//uploadImages/2014/087/11/OX1448Y94668_2.png文件已存在：跳过
2017-02-17 09:39:42	http://yesky.img.zz314.com/2017-01-04/2b8f46dd46e8b51e0371ecaf776e2c39.png下载成功
2017-02-17 09:39:43	http://image.tianjimedia.com/uploadImages/2016/048/25/3NF9ZD1V6355.png下载成功
2017-02-17 09:39:43	http://image.tianjimedia.com/uploadImages/2016/048/24/MQ38G7T29SB6.png下载成功
2017-02-17 09:39:44	http://image.tianjimedia.com/uploadImages/2016/048/23/3E9U44858ZHQ.png下载成功
2017-02-17 09:39:45	http://image.tianjimedia.com/uploadImages/2016/048/23/6M5X73B6MY4C.png下载成功
2017-02-17 09:39:45	http://image.tianjimedia.com/uploadImages/2016/048/22/GMY45JR5J9FF.png下载成功
2017-02-17 09:39:46	http://yesky.img.zz314.com/2017-02-16/5db3c23f7ddafe7eec043a190b8d4e53.jpg下载成功
2017-02-17 09:39:46	http://yesky.img.zz314.com/2017-02-16/5db3c23f7ddafe7eec043a190b8d4e53.jpg文件已存在：跳过
2017-02-17 09:39:46	http://yesky.img.zz314.com/2017-02-16/13ce1a1640ecf6fd2148a56a1e230299.jpg下载成功
2017-02-17 09:39:46	http://yesky.img.zz314.com/2017-02-16/fad166ccdd58f9035fa9093f620a42e7.jpg下载成功
2017-02-17 09:39:49	http://image.tianjimedia.com//uploadImages/2016/268/01/DBD577P8WK1G.png下载成功
2017-02-17 09:39:49	http://image.tianjimedia.com//uploadImages/2016/268/01/DBD577P8WK1G.png文件已存在：跳过
2017-02-17 09:39:50	http://yesky.img.zz314.com/2017-02-16/1d00644b99998604e80289dafbbe5df5.jpg下载成功
2017-02-17 09:39:50	http://yesky.img.zz314.com/2017-02-16/cfee7ac6e1d4c7c64c79c4fd56ab4597.png下载成功
2017-02-17 09:39:50	http://yesky.img.zz314.com/2017-02-16/d2dd7a0bbc33f80955c01cd9118223c5.png下载成功
2017-02-17 09:39:50	http://yesky.img.zz314.com/2017-02-16/abd7dce350873078fbf9211d4ba44931.png下载成功
2017-02-17 09:39:51	http://image.tianjimedia.com/uploadImages/2016/268/22/ZE58QI68QD78.png下载成功
2017-02-17 09:39:51	http://image.tianjimedia.com/uploadImages/2016/268/22/815VCX8GOHFF.png下载成功
2017-02-17 09:39:51	http://image.tianjimedia.com/uploadImages/2016/268/22/U0YDN60894WP.png下载成功
2017-02-17 09:39:52	http://image.tianjimedia.com/uploadImages/2016/268/57/7Z71A2EXDKF0.png下载成功
2017-02-17 09:39:52	http://yesky.img.zz314.com/2017-02-16/ec894dca62d32974c3aa7b1a1b736d4e.png下载成功
2017-02-17 09:39:52	http://yesky.img.zz314.com/2017-02-16/ec894dca62d32974c3aa7b1a1b736d4e.png文件已存在：跳过
2017-02-17 09:39:52	http://yesky.img.zz314.com/2017-02-16/1fbc89511bf028496090537c18356c36.jpg下载成功
2017-02-17 09:39:52	http://yesky.img.zz314.com/2017-02-16/da944161924be7e8f10d53e27d19e19f.jpg下载成功
2017-02-17 09:39:53	http://yesky.img.zz314.com/2017-02-16/43f3ccd9abe55b1efad4bd4f841b02d0.jpg下载成功
2017-02-17 09:39:53	http://image.tianjimedia.com//uploadImages/2014/189/22/MT2SFKT98SYH_2.png下载成功
2017-02-17 09:39:53	http://image.tianjimedia.com//uploadImages/2014/189/22/MT2SFKT98SYH_2.png文件已存在：跳过
2017-02-17 09:39:53	http://yesky.img.zz314.com/2017-02-16/d300638998a41b7a2fc842be8a25a4db.jpg下载成功
2017-02-17 09:39:54	http://image.tianjimedia.com/uploadImages/2016/274/36/1OPJA30IKPS6.png下载成功
2017-02-17 09:39:54	http://image.tianjimedia.com/uploadImages/2016/274/39/HDZBRX46AF1A.png下载成功
2017-02-17 09:39:54	http://yesky.img.zz314.com/2017-02-16/0522e9fc580873f2decfddf10ccd6496.jpg下载成功
2017-02-17 09:39:55	http://yesky.img.zz314.com/2017-02-16/03469420ad090a86fdf0b64e2a4ce144.jpg下载成功
2017-02-17 09:39:55	http://yesky.img.zz314.com/2017-02-16/b83604044d4746bd91f1b97a5074530a.jpg下载成功
2017-02-17 09:39:55	http://yesky.img.zz314.com/2017-02-16/b83604044d4746bd91f1b97a5074530a.jpg文件已存在：跳过
2017-02-17 09:39:56	http://yesky.img.zz314.com/2017-02-16/d8b2d98af4f3399e34455fa032b860a0.jpg下载成功
2017-02-17 09:39:56	http://yesky.img.zz314.com/2017-02-16/7e577f6670d25e58e4fd9b8377e5cdfe.png下载成功
2017-02-17 09:39:56	http://yesky.img.zz314.com/2017-02-16/129209841d4ed183409e8a864dbfd2ef.png下载成功
2017-02-17 09:39:56	http://yesky.img.zz314.com/2017-02-16/4d84503c7417145d02b9248bb1af93b6.png下载成功
2017-02-17 09:39:56	http://yesky.img.zz314.com/2017-02-16/552ebc9bf5b4a5b0065e1ef82720a19d.png下载成功
2017-02-17 09:39:57	http://yesky.img.zz314.com/2017-02-16/608b5d8dc401b65ac40c96569bbf9945.jpg下载成功
2017-02-17 09:39:57	http://yesky.img.zz314.com/2017-02-16/78d6d327b1c36541785e55d6bc42a5a4.png下载成功
2017-02-17 09:39:57	http://yesky.img.zz314.com/2017-02-16/2323d2a667089bc48439291bf9495413.png下载成功
2017-02-17 09:39:57	http://yesky.img.zz314.com/2017-02-16/1ef739ecd89b724978fcad5e2b4fbe42.png下载成功
2017-02-17 09:39:58	http://yesky.img.zz314.com/2017-02-16/389fc74f220fdd72e46ac082e4567dad.png下载成功
2017-02-17 09:39:58	http://image.tianjimedia.com//uploadImages/2015/239/53/UW9P3Y39Z9G3_2.png下载成功
2017-02-17 09:39:58	http://image.tianjimedia.com//uploadImages/2015/239/53/UW9P3Y39Z9G3_2.png文件已存在：跳过
2017-02-17 09:39:59	http://yesky.img.zz314.com/2017-02-16/5ee275d74ecf0ab563478659798f5422.jpg下载成功
2017-02-17 09:39:59	http://image.tianjimedia.com/uploadImages/2016/307/14/45AT0720YW2H.jpg下载成功
2017-02-17 09:40:00	http://image.tianjimedia.com/uploadImages/2016/307/14/74P6AB838WXK.jpg下载成功
2017-02-17 09:40:01	http://image.tianjimedia.com//uploadImages/2016/285/57/1BPQ335963QY_2.jpg下载成功
2017-02-17 09:40:01	http://image.tianjimedia.com//uploadImages/2016/285/57/1BPQ335963QY_2.jpg文件已存在：跳过
2017-02-17 09:40:01	http://yesky.img.zz314.com/2017-02-16/2d09bc8c922b1e1de3f9b96dd7d663b3.jpg下载成功
2017-02-17 09:40:01	http://yesky.img.zz314.com/2017-02-16/40856aa6b6e770006748bc50572bfcd5.png下载成功
2017-02-17 09:40:02	http://image.tianjimedia.com/uploadImages/2016/285/32/5O31IKBCQ518.jpg下载成功
2017-02-17 09:40:02	http://yesky.img.zz314.com/2017-02-16/299aeaa3a986f071bafb5bed8168106a.jpg下载成功
2017-02-17 09:40:02	http://yesky.img.zz314.com/2017-02-16/299aeaa3a986f071bafb5bed8168106a.jpg文件已存在：跳过
2017-02-17 09:40:03	http://yesky.img.zz314.com/2017-02-16/84712ea8a0c4fd7e0bada43656109a8c.jpg下载成功
2017-02-17 09:40:03	http://yesky.img.zz314.com/2017-02-16/681c790897b15a41667b751c582005e7.jpg下载成功
2017-02-17 09:40:03	http://yesky.img.zz314.com/2017-02-16/e245c542cddb4a203abf2b71a3db643b.jpg下载成功
2017-02-17 09:40:04	http://yesky.img.zz314.com/2017-02-16/2106d740417672b392a046c226b2eabb.jpg下载成功
2017-02-17 09:40:04	http://yesky.img.zz314.com/2017-02-16/8e6b707329b3345eb735fdc3ffc4c412.png下载成功
2017-02-17 09:40:05	http://yesky.img.zz314.com/2017-02-16/8e6b707329b3345eb735fdc3ffc4c412.png文件已存在：跳过
2017-02-17 09:40:05	http://yesky.img.zz314.com/2017-02-16/de7adef2d17dc9b37cbe3fff424c2600.jpg下载成功
2017-02-17 09:40:05	http://yesky.img.zz314.com/2017-02-16/ba1c6ce371260b5683c8270846a3baed.png下载成功
2017-02-17 09:40:06	http://image.tianjimedia.com//uploadImages/2016/019/05/10IG00J5BV0L_2.png下载成功
2017-02-17 09:40:06	http://image.tianjimedia.com//uploadImages/2016/019/05/10IG00J5BV0L_2.png文件已存在：跳过
2017-02-17 09:40:07	http://yesky.img.zz314.com/2017-02-16/c5364ed058b31c10353d195eb20a01a0.png下载成功
2017-02-17 09:40:07	http://yesky.img.zz314.com/2017-02-16/61a452056be98c76c2ba6073a928c1df.jpg下载成功
2017-02-17 09:40:08	http://image.tianjimedia.com//uploadImages/2016/305/03/4OHH51Y56618_2.jpg下载成功
2017-02-17 09:40:08	http://image.tianjimedia.com//uploadImages/2016/305/03/4OHH51Y56618_2.jpg文件已存在：跳过
2017-02-17 09:40:08	http://yesky.img.zz314.com/2017-02-16/9469aa3575e1c09ca85dc6911cce5978.jpg下载成功
2017-02-17 09:40:09	http://image.tianjimedia.com/uploadImages/2016/305/53/4V5G054MWCQB.jpg下载成功
2017-02-17 09:40:09	http://yesky.img.zz314.com/2017-02-16/b2307aeaa1890fd8f3fd39dadee5feb2.png下载成功
2017-02-17 09:40:10	http://yesky.img.zz314.com/2017-02-16/b2307aeaa1890fd8f3fd39dadee5feb2.png文件已存在：跳过
2017-02-17 09:40:10	http://yesky.img.zz314.com/2017-02-16/a7e26f35b05d3663670a36f95ddb16ca.jpg下载成功
2017-02-17 09:40:10	http://yesky.img.zz314.com/2017-02-16/9bfbef58458c1a1fd5861fab4a61ff1e.jpg下载成功
2017-02-17 09:40:10	http://yesky.img.zz314.com/2017-02-16/56915949f15f1167ef03f1c0111a3923.jpg下载成功
2017-02-17 09:40:11	http://yesky.img.zz314.com/2017-02-16/5d51a348caf0e188b7b8ac8b67aaf577.jpg下载成功
2017-02-17 09:40:12	http://yesky.img.zz314.com/2017-02-16/b7c7faef3ee47db680f73c0283a5bd18.jpg下载成功
2017-02-17 09:40:12	http://yesky.img.zz314.com/2017-02-16/b7c7faef3ee47db680f73c0283a5bd18.jpg文件已存在：跳过
2017-02-17 09:40:12	http://yesky.img.zz314.com/2017-02-16/8c96289d4670eadb19b205e9cf78d401.jpg下载成功
2017-02-17 09:40:12	http://yesky.img.zz314.com/2017-02-16/78aacae66b103014a19b56ca2fbd2fd8.jpg下载成功
2017-02-17 09:40:12	http://yesky.img.zz314.com/2017-02-16/a3059856c5d8e4a1f755235962d3faa8.jpg下载成功
2017-02-17 09:40:13	http://yesky.img.zz314.com/2017-02-16/11614402e9b4223d4c00374e0aa16921.jpg下载成功
2017-02-17 09:41:41	http://image.tianjimedia.com//uploadImages/2016/252/03/W30KRF2YAGC6_2.png下载成功
2017-02-17 09:41:41	http://image.tianjimedia.com//uploadImages/2016/252/03/W30KRF2YAGC6_2.png文件已存在：跳过
2017-02-17 09:41:41	http://yesky.img.zz314.com/2017-02-16/917bc2aa52fdc446b098fb5f50ef3237.jpg下载成功
2017-02-17 09:41:42	http://yesky.img.zz314.com/2017-02-16/cfec64fc60d688febb481cea4410dd3c.jpg下载成功
2017-02-17 09:41:42	http://yesky.img.zz314.com/2017-02-16/d7a7601ba467fc14580b3fc08ca53217.jpg下载成功
2017-02-17 09:41:43	http://yesky.img.zz314.com/2017-02-16/a9e0ad3fbab14a5476a7e844c3e80e31.jpg下载成功
2017-02-17 09:41:43	http://yesky.img.zz314.com/2017-02-16/0b7a6a12a21453182e5bd771211ed125.jpg下载成功
2017-02-17 09:41:44	http://yesky.img.zz314.com/2017-02-16/903528152e4b255f2b6e8f198bcd742c.jpg下载成功
2017-02-17 09:41:44	http://yesky.img.zz314.com/2017-02-16/0905151e857b74d7a848c57ab7a9cfc0.png下载成功
2017-02-17 09:41:44	http://yesky.img.zz314.com/2017-02-16/0905151e857b74d7a848c57ab7a9cfc0.png文件已存在：跳过
2017-02-17 09:41:44	http://yesky.img.zz314.com/2017-02-16/07d98d64935e70280cc93bf4a890c733.jpg下载成功
2017-02-17 09:41:45	http://yesky.img.zz314.com/2017-02-16/0dbfff609ef8deaee65acba539baa815.png下载成功
2017-02-17 09:41:45	http://yesky.img.zz314.com/2017-02-16/fb03a531fc620d442c768774e111c354.png下载成功
2017-02-17 09:41:46	http://image.tianjimedia.com//uploadImages/2016/012/28/Z49A531Q13QM_2.png下载成功
2017-02-17 09:41:46	http://image.tianjimedia.com//uploadImages/2016/012/28/Z49A531Q13QM_2.png文件已存在：跳过
2017-02-17 09:41:46	http://yesky.img.zz314.com/2017-02-16/f34123f63a74900cf108125243ae2e01.jpg下载成功
2017-02-17 09:41:46	http://yesky.img.zz314.com/2017-02-16/c1d38dcd135b51e763721a31f5c34920.png下载成功
2017-02-17 09:41:47	http://image.tianjimedia.com/uploadImages/2016/285/58/014O31U5G8I4.png下载成功
2017-02-17 09:41:48	http://image.tianjimedia.com/uploadImages/2016/285/58/8ZL029066IG7.png下载成功
2017-02-17 09:41:49	http://image.tianjimedia.com//uploadImages/2016/288/51/W6JG289O5U2I_2.png下载成功
2017-02-17 09:41:49	http://image.tianjimedia.com//uploadImages/2016/288/51/W6JG289O5U2I_2.png文件已存在：跳过
2017-02-17 09:41:49	http://yesky.img.zz314.com/2017-02-06/8920a646eed8e3943c722b12467febdb.jpg下载成功
2017-02-17 09:41:53	http://image.tianjimedia.com/uploadImages/2016/288/48/NC6406HM71HX.png下载成功
2017-02-17 09:41:54	http://image.tianjimedia.com/uploadImages/2016/288/48/L3104YZZ925L.png下载成功
2017-02-17 09:41:55	http://image.tianjimedia.com/uploadImages/2016/288/48/N7ZGLC0VC6IU.png下载成功
2017-02-17 09:41:59	http://image.tianjimedia.com/uploadImages/2016/288/48/G324S54117U1.png下载成功
2017-02-17 09:42:00	http://image.tianjimedia.com/uploadImages/2016/333/31/G9677H7C66D0_2.png下载成功
2017-02-17 09:42:00	http://image.tianjimedia.com/uploadImages/2016/333/31/G9677H7C66D0_2.png文件已存在：跳过
2017-02-17 09:42:01	http://yesky.img.zz314.com/2017-02-04/ef55b64331930945d1ab30607e9c7d24.jpg下载成功
2017-02-17 09:42:01	http://yesky.img.zz314.com/2017-02-04/26346b17801bc06940cbf3bc84a12901.jpg下载成功
2017-02-17 09:42:01	http://yesky.img.zz314.com/2017-02-04/465aaa915a245e7c10a28e58340bc2a8.jpg下载成功
2017-02-17 09:42:01	http://yesky.img.zz314.com/2017-02-04/bb49c3f9a600d309e95abb412a0af833.jpg下载成功
2017-02-17 09:42:02	http://image.tianjimedia.com/uploadImages/2016/333/31/0R80P8L31H7O.png下载成功
2017-02-17 09:42:03	http://image.tianjimedia.com/uploadImages/2016/333/30/DEN6C663HBID.png下载成功
2017-02-17 09:42:04	http://image.tianjimedia.com/uploadImages/2016/333/30/TESF1TB0L12Q.jpg下载成功
2017-02-17 09:42:04	http://image.tianjimedia.com//uploadImages/2016/013/54/W477235S271K_2.jpg下载成功
2017-02-17 09:42:04	http://image.tianjimedia.com//uploadImages/2016/013/54/W477235S271K_2.jpg文件已存在：跳过
2017-02-17 09:42:04	http://yesky.img.zz314.com/2016-12-05/4e4ae58eceab0f791fb64328c759b535.jpg下载成功
2017-02-17 09:42:05	http://image.tianjimedia.com/uploadImages/2016/049/22/W21K6SJZ67QB.png下载成功
2017-02-17 09:42:05	http://image.tianjimedia.com/uploadImages/2016/049/23/Y941B84F466H.png下载成功
2017-02-17 09:42:05	http://image.tianjimedia.com/uploadImages/2016/049/23/Z5L8P7G8E463.png下载成功
2017-02-17 09:42:05	http://image.tianjimedia.com/uploadImages/2016/049/23/X6T8HSVGCRF4.png下载成功
2017-02-17 09:42:06	http://image.tianjimedia.com/uploadImages/2016/049/21/5QR8TBXIN248.png下载成功
2017-02-17 09:42:07	http://image.tianjimedia.com//uploadImages/2014/087/11/OX1448Y94668_2.png下载成功
2017-02-17 09:42:07	http://image.tianjimedia.com//uploadImages/2014/087/11/OX1448Y94668_2.png文件已存在：跳过
2017-02-17 09:42:07	http://yesky.img.zz314.com/2017-01-04/2b8f46dd46e8b51e0371ecaf776e2c39.png下载成功
2017-02-17 09:43:05	http://image.tianjimedia.com//uploadImages/2016/252/03/W30KRF2YAGC6_2.png文件已存在：跳过
2017-02-17 09:48:57	http://image.tianjimedia.com//uploadImages/2016/252/03/W30KRF2YAGC6_2.png下载成功
2017-02-17 09:48:59	http://image.tianjimedia.com//uploadImages/2016/252/03/W30KRF2YAGC6_2.png文件已存在：跳过
2017-02-17 09:52:33	http://image.tianjimedia.com//uploadImages/2016/252/03/W30KRF2YAGC6_2.png文件已存在：跳过
2017-02-17 09:52:36	http://image.tianjimedia.com//uploadImages/2016/252/03/W30KRF2YAGC6_2.png文件已存在：跳过
2017-02-17 09:52:47	http://yesky.img.zz314.com/2017-02-16/917bc2aa52fdc446b098fb5f50ef3237.jpg文件已存在：跳过
2017-02-17 09:52:48	http://yesky.img.zz314.com/2017-02-16/cfec64fc60d688febb481cea4410dd3c.jpg文件已存在：跳过
2017-02-17 09:52:49	http://yesky.img.zz314.com/2017-02-16/d7a7601ba467fc14580b3fc08ca53217.jpg文件已存在：跳过
2017-02-17 09:52:50	http://yesky.img.zz314.com/2017-02-16/a9e0ad3fbab14a5476a7e844c3e80e31.jpg文件已存在：跳过
2017-02-17 09:52:51	http://yesky.img.zz314.com/2017-02-16/0b7a6a12a21453182e5bd771211ed125.jpg文件已存在：跳过
2017-02-17 09:52:52	http://yesky.img.zz314.com/2017-02-16/903528152e4b255f2b6e8f198bcd742c.jpg文件已存在：跳过
2017-02-17 09:52:57	http://yesky.img.zz314.com/2017-02-16/0905151e857b74d7a848c57ab7a9cfc0.png文件已存在：跳过
2017-02-17 09:53:32	http://image.tianjimedia.com//uploadImages/2016/252/03/W30KRF2YAGC6_2.png文件已存在：跳过
2017-02-17 09:53:32	http://image.tianjimedia.com//uploadImages/2016/252/03/W30KRF2YAGC6_2.png文件已存在：跳过
2017-02-17 09:53:32	http://yesky.img.zz314.com/2017-02-16/917bc2aa52fdc446b098fb5f50ef3237.jpg文件已存在：跳过
2017-02-17 09:53:33	http://yesky.img.zz314.com/2017-02-16/cfec64fc60d688febb481cea4410dd3c.jpg文件已存在：跳过
2017-02-17 09:53:33	http://yesky.img.zz314.com/2017-02-16/d7a7601ba467fc14580b3fc08ca53217.jpg文件已存在：跳过
2017-02-17 09:53:33	http://yesky.img.zz314.com/2017-02-16/a9e0ad3fbab14a5476a7e844c3e80e31.jpg文件已存在：跳过
2017-02-17 09:53:34	http://yesky.img.zz314.com/2017-02-16/0b7a6a12a21453182e5bd771211ed125.jpg文件已存在：跳过
2017-02-17 09:53:34	http://yesky.img.zz314.com/2017-02-16/903528152e4b255f2b6e8f198bcd742c.jpg文件已存在：跳过
2017-02-17 09:53:35	http://yesky.img.zz314.com/2017-02-16/0905151e857b74d7a848c57ab7a9cfc0.png文件已存在：跳过
2017-02-17 09:53:35	http://yesky.img.zz314.com/2017-02-16/0905151e857b74d7a848c57ab7a9cfc0.png文件已存在：跳过
2017-02-17 09:53:35	http://yesky.img.zz314.com/2017-02-16/07d98d64935e70280cc93bf4a890c733.jpg文件已存在：跳过
2017-02-17 09:53:55	http://image.tianjimedia.com//uploadImages/2016/012/28/Z49A531Q13QM_2.png下载成功
2017-02-17 09:53:55	http://image.tianjimedia.com//uploadImages/2016/012/28/Z49A531Q13QM_2.png文件已存在：跳过
2017-02-17 09:53:55	http://yesky.img.zz314.com/2017-02-16/f34123f63a74900cf108125243ae2e01.jpg下载成功
2017-02-17 09:53:55	http://yesky.img.zz314.com/2017-02-16/c1d38dcd135b51e763721a31f5c34920.png下载成功
2017-02-17 09:53:55	http://image.tianjimedia.com/uploadImages/2016/285/58/014O31U5G8I4.png下载成功
2017-02-17 09:53:56	http://image.tianjimedia.com/uploadImages/2016/285/58/8ZL029066IG7.png下载成功
2017-02-17 09:53:56	http://image.tianjimedia.com//uploadImages/2016/288/51/W6JG289O5U2I_2.png下载成功
2017-02-17 09:53:57	http://image.tianjimedia.com//uploadImages/2016/288/51/W6JG289O5U2I_2.png文件已存在：跳过
2017-02-17 09:53:57	http://yesky.img.zz314.com/2017-02-06/8920a646eed8e3943c722b12467febdb.jpg下载成功
2017-02-17 09:53:57	http://image.tianjimedia.com/uploadImages/2016/288/48/NC6406HM71HX.png下载成功
2017-02-17 09:53:57	http://image.tianjimedia.com/uploadImages/2016/288/48/L3104YZZ925L.png下载成功
2017-02-17 09:53:58	http://image.tianjimedia.com/uploadImages/2016/288/48/N7ZGLC0VC6IU.png下载成功
2017-02-17 09:53:58	http://image.tianjimedia.com/uploadImages/2016/288/48/G324S54117U1.png下载成功
2017-02-17 09:53:58	http://image.tianjimedia.com/uploadImages/2016/333/31/G9677H7C66D0_2.png下载成功
2017-02-17 09:53:58	http://image.tianjimedia.com/uploadImages/2016/333/31/G9677H7C66D0_2.png文件已存在：跳过
2017-02-17 09:53:59	http://yesky.img.zz314.com/2017-02-04/ef55b64331930945d1ab30607e9c7d24.jpg下载成功
2017-02-17 09:53:59	http://yesky.img.zz314.com/2017-02-04/26346b17801bc06940cbf3bc84a12901.jpg下载成功
2017-02-17 09:53:59	http://yesky.img.zz314.com/2017-02-04/465aaa915a245e7c10a28e58340bc2a8.jpg下载成功
2017-02-17 09:53:59	http://yesky.img.zz314.com/2017-02-04/bb49c3f9a600d309e95abb412a0af833.jpg下载成功
2017-02-17 09:53:59	http://image.tianjimedia.com/uploadImages/2016/333/31/0R80P8L31H7O.png下载成功
2017-02-17 09:53:59	http://image.tianjimedia.com/uploadImages/2016/333/30/DEN6C663HBID.png下载成功
2017-02-17 09:54:00	http://image.tianjimedia.com/uploadImages/2016/333/30/TESF1TB0L12Q.jpg下载成功
2017-02-17 09:54:00	http://image.tianjimedia.com//uploadImages/2016/013/54/W477235S271K_2.jpg下载成功
2017-02-17 09:54:00	http://image.tianjimedia.com//uploadImages/2016/013/54/W477235S271K_2.jpg文件已存在：跳过
2017-02-17 09:54:01	http://yesky.img.zz314.com/2016-12-05/4e4ae58eceab0f791fb64328c759b535.jpg下载成功
2017-02-17 09:54:01	http://image.tianjimedia.com/uploadImages/2016/049/22/W21K6SJZ67QB.png下载成功
2017-02-17 09:54:02	http://image.tianjimedia.com/uploadImages/2016/049/23/Y941B84F466H.png下载成功
2017-02-17 09:54:02	http://image.tianjimedia.com/uploadImages/2016/049/23/Z5L8P7G8E463.png下载成功
2017-02-17 09:54:02	http://image.tianjimedia.com/uploadImages/2016/049/23/X6T8HSVGCRF4.png下载成功
2017-02-17 09:54:02	http://image.tianjimedia.com/uploadImages/2016/049/21/5QR8TBXIN248.png下载成功
2017-02-17 09:54:03	http://image.tianjimedia.com//uploadImages/2014/087/11/OX1448Y94668_2.png下载成功
2017-02-17 09:54:03	http://image.tianjimedia.com//uploadImages/2014/087/11/OX1448Y94668_2.png文件已存在：跳过
2017-02-17 09:54:03	http://yesky.img.zz314.com/2017-01-04/2b8f46dd46e8b51e0371ecaf776e2c39.png下载成功
2017-02-17 09:54:04	http://image.tianjimedia.com/uploadImages/2016/048/25/3NF9ZD1V6355.png下载成功
2017-02-17 09:54:04	http://image.tianjimedia.com/uploadImages/2016/048/24/MQ38G7T29SB6.png下载成功
2017-02-17 09:54:04	http://image.tianjimedia.com/uploadImages/2016/048/23/3E9U44858ZHQ.png下载成功
2017-02-17 09:54:04	http://image.tianjimedia.com/uploadImages/2016/048/23/6M5X73B6MY4C.png下载成功
2017-02-17 09:54:05	http://image.tianjimedia.com/uploadImages/2016/048/22/GMY45JR5J9FF.png下载成功
2017-02-17 09:54:05	http://yesky.img.zz314.com/2017-02-16/5db3c23f7ddafe7eec043a190b8d4e53.jpg下载成功
2017-02-17 09:54:05	http://yesky.img.zz314.com/2017-02-16/5db3c23f7ddafe7eec043a190b8d4e53.jpg文件已存在：跳过
2017-02-17 09:54:06	http://yesky.img.zz314.com/2017-02-16/13ce1a1640ecf6fd2148a56a1e230299.jpg下载成功
2017-02-17 09:54:06	http://yesky.img.zz314.com/2017-02-16/fad166ccdd58f9035fa9093f620a42e7.jpg下载成功
2017-02-17 09:54:06	http://image.tianjimedia.com//uploadImages/2016/268/01/DBD577P8WK1G.png下载成功
2017-02-17 09:54:06	http://image.tianjimedia.com//uploadImages/2016/268/01/DBD577P8WK1G.png文件已存在：跳过
2017-02-17 09:54:07	http://yesky.img.zz314.com/2017-02-16/1d00644b99998604e80289dafbbe5df5.jpg下载成功
2017-02-17 09:54:07	http://yesky.img.zz314.com/2017-02-16/cfee7ac6e1d4c7c64c79c4fd56ab4597.png下载成功
2017-02-17 09:54:07	http://yesky.img.zz314.com/2017-02-16/d2dd7a0bbc33f80955c01cd9118223c5.png下载成功
2017-02-17 09:54:07	http://yesky.img.zz314.com/2017-02-16/abd7dce350873078fbf9211d4ba44931.png下载成功
2017-02-17 09:54:08	http://image.tianjimedia.com/uploadImages/2016/268/22/ZE58QI68QD78.png下载成功
2017-02-17 09:54:08	http://image.tianjimedia.com/uploadImages/2016/268/22/815VCX8GOHFF.png下载成功
2017-02-17 09:54:08	http://image.tianjimedia.com/uploadImages/2016/268/22/U0YDN60894WP.png下载成功
2017-02-17 09:54:08	http://image.tianjimedia.com/uploadImages/2016/268/57/7Z71A2EXDKF0.png下载成功
2017-02-17 09:54:09	http://yesky.img.zz314.com/2017-02-16/ec894dca62d32974c3aa7b1a1b736d4e.png下载成功
2017-02-17 09:54:09	http://yesky.img.zz314.com/2017-02-16/ec894dca62d32974c3aa7b1a1b736d4e.png文件已存在：跳过
2017-02-17 09:54:09	http://yesky.img.zz314.com/2017-02-16/1fbc89511bf028496090537c18356c36.jpg下载成功
2017-02-17 09:54:10	http://yesky.img.zz314.com/2017-02-16/da944161924be7e8f10d53e27d19e19f.jpg下载成功
2017-02-17 09:54:10	http://yesky.img.zz314.com/2017-02-16/43f3ccd9abe55b1efad4bd4f841b02d0.jpg下载成功
2017-02-17 09:54:10	http://image.tianjimedia.com//uploadImages/2014/189/22/MT2SFKT98SYH_2.png下载成功
2017-02-17 09:54:10	http://image.tianjimedia.com//uploadImages/2014/189/22/MT2SFKT98SYH_2.png文件已存在：跳过
2017-02-17 09:54:11	http://yesky.img.zz314.com/2017-02-16/d300638998a41b7a2fc842be8a25a4db.jpg下载成功
2017-02-17 09:54:11	http://image.tianjimedia.com/uploadImages/2016/274/36/1OPJA30IKPS6.png下载成功
2017-02-17 09:54:11	http://image.tianjimedia.com/uploadImages/2016/274/39/HDZBRX46AF1A.png下载成功
2017-02-17 09:54:11	http://yesky.img.zz314.com/2017-02-16/0522e9fc580873f2decfddf10ccd6496.jpg下载成功
2017-02-17 09:54:12	http://yesky.img.zz314.com/2017-02-16/03469420ad090a86fdf0b64e2a4ce144.jpg下载成功
2017-02-17 09:54:12	http://yesky.img.zz314.com/2017-02-16/b83604044d4746bd91f1b97a5074530a.jpg下载成功
2017-02-17 09:54:12	http://yesky.img.zz314.com/2017-02-16/b83604044d4746bd91f1b97a5074530a.jpg文件已存在：跳过
2017-02-17 09:54:13	http://yesky.img.zz314.com/2017-02-16/d8b2d98af4f3399e34455fa032b860a0.jpg下载成功
2017-02-17 09:54:13	http://yesky.img.zz314.com/2017-02-16/7e577f6670d25e58e4fd9b8377e5cdfe.png下载成功
2017-02-17 09:54:13	http://yesky.img.zz314.com/2017-02-16/129209841d4ed183409e8a864dbfd2ef.png下载成功
2017-02-17 09:54:14	http://yesky.img.zz314.com/2017-02-16/4d84503c7417145d02b9248bb1af93b6.png下载成功
2017-02-17 09:54:14	http://yesky.img.zz314.com/2017-02-16/552ebc9bf5b4a5b0065e1ef82720a19d.png下载成功
2017-02-17 09:54:14	http://yesky.img.zz314.com/2017-02-16/608b5d8dc401b65ac40c96569bbf9945.jpg下载成功
2017-02-17 09:54:14	http://yesky.img.zz314.com/2017-02-16/78d6d327b1c36541785e55d6bc42a5a4.png下载成功
2017-02-17 09:54:15	http://yesky.img.zz314.com/2017-02-16/2323d2a667089bc48439291bf9495413.png下载成功
2017-02-17 09:54:15	http://yesky.img.zz314.com/2017-02-16/1ef739ecd89b724978fcad5e2b4fbe42.png下载成功
2017-02-17 09:54:15	http://yesky.img.zz314.com/2017-02-16/389fc74f220fdd72e46ac082e4567dad.png下载成功
2017-02-17 09:54:16	http://image.tianjimedia.com//uploadImages/2015/239/53/UW9P3Y39Z9G3_2.png下载成功
2017-02-17 09:54:16	http://image.tianjimedia.com//uploadImages/2015/239/53/UW9P3Y39Z9G3_2.png文件已存在：跳过
2017-02-17 09:54:16	http://yesky.img.zz314.com/2017-02-16/5ee275d74ecf0ab563478659798f5422.jpg下载成功
2017-02-17 09:54:16	http://image.tianjimedia.com/uploadImages/2016/307/14/45AT0720YW2H.jpg下载成功
2017-02-17 09:54:17	http://image.tianjimedia.com/uploadImages/2016/307/14/74P6AB838WXK.jpg下载成功
2017-02-17 09:54:17	http://image.tianjimedia.com//uploadImages/2016/285/57/1BPQ335963QY_2.jpg下载成功
2017-02-17 09:54:17	http://image.tianjimedia.com//uploadImages/2016/285/57/1BPQ335963QY_2.jpg文件已存在：跳过
2017-02-17 09:54:17	http://yesky.img.zz314.com/2017-02-16/2d09bc8c922b1e1de3f9b96dd7d663b3.jpg下载成功
2017-02-17 09:54:18	http://yesky.img.zz314.com/2017-02-16/40856aa6b6e770006748bc50572bfcd5.png下载成功
2017-02-17 09:54:18	http://image.tianjimedia.com/uploadImages/2016/285/32/5O31IKBCQ518.jpg下载成功
2017-02-17 09:54:19	http://yesky.img.zz314.com/2017-02-16/299aeaa3a986f071bafb5bed8168106a.jpg下载成功
2017-02-17 09:54:19	http://yesky.img.zz314.com/2017-02-16/299aeaa3a986f071bafb5bed8168106a.jpg文件已存在：跳过
2017-02-17 09:54:19	http://yesky.img.zz314.com/2017-02-16/84712ea8a0c4fd7e0bada43656109a8c.jpg下载成功
2017-02-17 09:54:19	http://yesky.img.zz314.com/2017-02-16/681c790897b15a41667b751c582005e7.jpg下载成功
2017-02-17 09:54:20	http://yesky.img.zz314.com/2017-02-16/e245c542cddb4a203abf2b71a3db643b.jpg下载成功
2017-02-17 09:54:20	http://yesky.img.zz314.com/2017-02-16/2106d740417672b392a046c226b2eabb.jpg下载成功
2017-02-17 09:54:21	http://yesky.img.zz314.com/2017-02-16/8e6b707329b3345eb735fdc3ffc4c412.png下载成功
2017-02-17 09:54:21	http://yesky.img.zz314.com/2017-02-16/8e6b707329b3345eb735fdc3ffc4c412.png文件已存在：跳过
2017-02-17 09:54:21	http://yesky.img.zz314.com/2017-02-16/de7adef2d17dc9b37cbe3fff424c2600.jpg下载成功
2017-02-17 09:54:21	http://yesky.img.zz314.com/2017-02-16/ba1c6ce371260b5683c8270846a3baed.png下载成功
2017-02-17 09:54:22	http://image.tianjimedia.com//uploadImages/2016/019/05/10IG00J5BV0L_2.png下载成功
2017-02-17 09:54:22	http://image.tianjimedia.com//uploadImages/2016/019/05/10IG00J5BV0L_2.png文件已存在：跳过
2017-02-17 09:54:22	http://yesky.img.zz314.com/2017-02-16/c5364ed058b31c10353d195eb20a01a0.png下载成功
2017-02-17 09:54:22	http://yesky.img.zz314.com/2017-02-16/61a452056be98c76c2ba6073a928c1df.jpg下载成功
2017-02-17 09:54:23	http://image.tianjimedia.com//uploadImages/2016/305/03/4OHH51Y56618_2.jpg下载成功
2017-02-17 09:54:23	http://image.tianjimedia.com//uploadImages/2016/305/03/4OHH51Y56618_2.jpg文件已存在：跳过
2017-02-17 09:54:23	http://yesky.img.zz314.com/2017-02-16/9469aa3575e1c09ca85dc6911cce5978.jpg下载成功
2017-02-17 09:54:23	http://image.tianjimedia.com/uploadImages/2016/305/53/4V5G054MWCQB.jpg下载成功
2017-02-17 09:54:24	http://yesky.img.zz314.com/2017-02-16/b2307aeaa1890fd8f3fd39dadee5feb2.png下载成功
2017-02-17 09:54:24	http://yesky.img.zz314.com/2017-02-16/b2307aeaa1890fd8f3fd39dadee5feb2.png文件已存在：跳过
2017-02-17 09:54:24	http://yesky.img.zz314.com/2017-02-16/a7e26f35b05d3663670a36f95ddb16ca.jpg下载成功
2017-02-17 09:54:25	http://yesky.img.zz314.com/2017-02-16/9bfbef58458c1a1fd5861fab4a61ff1e.jpg下载成功
2017-02-17 09:54:25	http://yesky.img.zz314.com/2017-02-16/56915949f15f1167ef03f1c0111a3923.jpg下载成功
2017-02-17 09:54:25	http://yesky.img.zz314.com/2017-02-16/5d51a348caf0e188b7b8ac8b67aaf577.jpg下载成功
2017-02-17 09:54:26	http://yesky.img.zz314.com/2017-02-16/b7c7faef3ee47db680f73c0283a5bd18.jpg下载成功
2017-02-17 09:54:26	http://yesky.img.zz314.com/2017-02-16/b7c7faef3ee47db680f73c0283a5bd18.jpg文件已存在：跳过
2017-02-17 09:54:26	http://yesky.img.zz314.com/2017-02-16/8c96289d4670eadb19b205e9cf78d401.jpg下载成功
2017-02-17 09:54:27	http://yesky.img.zz314.com/2017-02-16/78aacae66b103014a19b56ca2fbd2fd8.jpg下载成功
2017-02-17 09:54:27	http://yesky.img.zz314.com/2017-02-16/a3059856c5d8e4a1f755235962d3faa8.jpg下载成功
2017-02-17 09:54:28	http://yesky.img.zz314.com/2017-02-16/11614402e9b4223d4c00374e0aa16921.jpg下载成功
