2017-02-20 13:45:51	http://image.tianjimedia.com//uploadImages/2016/268/01/DBD577P8WK1G.png文件已存在：跳过
2017-02-20 13:45:52	http://image.tianjimedia.com//uploadImages/2016/268/01/DBD577P8WK1G.png文件已存在：跳过
2017-02-20 13:45:52	http://yesky.img.zz314.com/2017-02-17/b16d44f92e86d31c5d4b7f37497819db.jpg文件已存在：跳过
2017-02-20 13:45:52	http://image.tianjimedia.com/uploadImages/2016/334/44/4G901I3I0F62.jpg下载成功
2017-02-20 13:45:52	http://image.tianjimedia.com/uploadImages/2016/334/43/2483B269Y42W.jpg下载成功
2017-02-20 13:48:34	http://image.tianjimedia.com//uploadImages/2016/268/01/DBD577P8WK1G.png文件已存在：跳过
2017-02-20 13:48:34	http://image.tianjimedia.com//uploadImages/2016/268/01/DBD577P8WK1G.png文件已存在：跳过
2017-02-20 13:48:34	http://yesky.img.zz314.com/2017-02-16/1d00644b99998604e80289dafbbe5df5.jpg文件已存在：跳过
2017-02-20 13:48:35	http://yesky.img.zz314.com/2017-02-16/cfee7ac6e1d4c7c64c79c4fd56ab4597.png文件已存在：跳过
2017-02-20 13:48:35	http://yesky.img.zz314.com/2017-02-16/d2dd7a0bbc33f80955c01cd9118223c5.png文件已存在：跳过
2017-02-20 13:48:35	http://yesky.img.zz314.com/2017-02-16/abd7dce350873078fbf9211d4ba44931.png文件已存在：跳过
2017-02-20 13:48:35	http://image.tianjimedia.com/uploadImages/2016/268/22/ZE58QI68QD78.png文件已存在：跳过
2017-02-20 13:48:35	http://image.tianjimedia.com/uploadImages/2016/268/22/815VCX8GOHFF.png文件已存在：跳过
2017-02-20 13:48:36	http://image.tianjimedia.com/uploadImages/2016/268/22/U0YDN60894WP.png文件已存在：跳过
2017-02-20 13:48:36	http://image.tianjimedia.com/uploadImages/2016/268/57/7Z71A2EXDKF0.png文件已存在：跳过
2017-02-20 13:48:36	http://image.tianjimedia.com//uploadImages/2013/178/WCY13LG5P1ZH_2.png文件已存在：跳过
2017-02-20 13:48:37	http://image.tianjimedia.com//uploadImages/2013/178/WCY13LG5P1ZH_2.png文件已存在：跳过
2017-02-20 13:48:37	http://yesky.img.zz314.com/2016-12-12/8499bec44f3582c284647de63476e6a6.jpg文件已存在：跳过
2017-02-20 13:48:37	http://yesky.img.zz314.com/2016-12-12/d7dc2cab8374601157b44d33e47bfd28.png文件已存在：跳过
2017-02-20 13:48:37	http://yesky.img.zz314.com/2016-12-12/725e3b6ca022d9c65523eea6ecf8bbb9.jpg文件已存在：跳过
2017-02-20 13:48:37	http://yesky.img.zz314.com/2016-12-12/3d629b0228dedd29b7cad079c9945855.jpg文件已存在：跳过
2017-02-20 13:48:37	http://image.tianjimedia.com/uploadImages/2016/027/08/YM8JFF3G7J70.png文件已存在：跳过
2017-02-20 13:48:38	http://image.tianjimedia.com/uploadImages/2016/027/07/9EB69NH978UU.png文件已存在：跳过
2017-02-20 13:48:38	http://image.tianjimedia.com/uploadImages/2016/027/06/0A98I3L3N16D.png文件已存在：跳过
2017-02-20 13:48:38	http://image.tianjimedia.com/uploadImages/2016/027/05/VDE84J77IV85.png文件已存在：跳过
2017-02-20 13:48:39	http://image.tianjimedia.com/uploadImages/2016/027/04/R09LUSWDW710.png文件已存在：跳过
2017-02-20 13:48:39	http://image.tianjimedia.com//uploadImages/2015/302/44/T56U8NO91XT5_2.png文件已存在：跳过
2017-02-20 13:48:39	http://image.tianjimedia.com//uploadImages/2015/302/44/T56U8NO91XT5_2.png文件已存在：跳过
2017-02-20 13:48:39	http://yesky.img.zz314.com/2016-12-20/126cd3349116c08f94ea24a6999f5161.jpg文件已存在：跳过
2017-02-20 13:48:40	http://yesky.img.zz314.com/2016-12-20/a5fa3a2943e7207eac00fc008c746fbe.png文件已存在：跳过
2017-02-20 13:48:40	http://image.tianjimedia.com/uploadImages/2015/302/31/WG6210MX4LFC.png文件已存在：跳过
2017-02-20 13:48:40	http://yesky.img.zz314.com/2016-12-20/76811d25f6c4f541e166be33514958c4.jpg文件已存在：跳过
2017-02-20 13:48:40	http://yesky.img.zz314.com/2016-12-20/d48e847b03fcfb56474d238264af1035.png文件已存在：跳过
2017-02-20 13:48:40	http://yesky.img.zz314.com/2016-12-20/40796588e8e232f566964317ff35d89f.jpg文件已存在：跳过
2017-02-20 13:48:41	http://yesky.img.zz314.com/2016-12-20/f55e6f2a294ccfef807ca7f5b6ad557c.png文件已存在：跳过
2017-02-20 13:48:41	http://yesky.img.zz314.com/2017-02-19/f0e8d3ed6824a5d41ff9ae91b868d7a9.png文件已存在：跳过
2017-02-20 13:48:41	http://yesky.img.zz314.com/2017-02-19/f0e8d3ed6824a5d41ff9ae91b868d7a9.png文件已存在：跳过
2017-02-20 13:48:41	http://yesky.img.zz314.com/2017-02-19/43065921bafc6b3c586bdaa32a19f485.jpg文件已存在：跳过
2017-02-20 13:48:42	http://yesky.img.zz314.com/2017-02-19/62f7c9595edf11ac33f72322a2319cfd.jpg文件已存在：跳过
2017-02-20 13:48:42	http://yesky.img.zz314.com/2017-02-19/9a93ff22eb34c69bb6a83ee7e1b09ea2.png文件已存在：跳过
2017-02-20 13:48:42	http://yesky.img.zz314.com/2017-02-19/9a93ff22eb34c69bb6a83ee7e1b09ea2.png文件已存在：跳过
2017-02-20 13:48:42	http://yesky.img.zz314.com/2017-02-19/e202238c16757021c5b9ccaf38f7fc34.jpg文件已存在：跳过
2017-02-20 13:48:43	http://yesky.img.zz314.com/2016-12-17/987bd85f58006d5a3472250f43b253d6.jpg文件已存在：跳过
2017-02-20 13:48:43	http://image.tianjimedia.com/uploadImages/2016/091/26/3NM5J1E261PT.png文件已存在：跳过
2017-02-20 13:48:43	http://image.tianjimedia.com/uploadImages/2016/091/26/W73T16448ZR9.png文件已存在：跳过
2017-02-20 13:48:44	http://image.tianjimedia.com/uploadImages/2016/091/26/MV599Z25NJSZ.png文件已存在：跳过
2017-02-20 13:48:44	http://image.tianjimedia.com/uploadImages/2016/091/25/2N6BM20Z6N86.png文件已存在：跳过
2017-02-20 13:48:45	http://yesky.img.zz314.com/2017-02-19/bc73a09afa8534c512d8bfcb465ea57e.png文件已存在：跳过
2017-02-20 13:48:45	http://yesky.img.zz314.com/2017-02-19/bc73a09afa8534c512d8bfcb465ea57e.png文件已存在：跳过
2017-02-20 13:48:45	http://yesky.img.zz314.com/2017-02-19/414d4fd343ddd554f365a3b8ebfa246d.jpg文件已存在：跳过
2017-02-20 13:48:45	http://yesky.img.zz314.com/2017-02-19/a0fbf99865b5e4ca4a7ab4f92bcd64b4.png文件已存在：跳过
2017-02-20 13:48:46	http://yesky.img.zz314.com/2017-02-19/0caaf970f87b433db2bb4b6d4cad7835.png文件已存在：跳过
2017-02-20 13:48:46	http://yesky.img.zz314.com/2017-02-19/e2a990d45949db27866cbfd9d589ef68.png文件已存在：跳过
2017-02-20 13:48:47	http://yesky.img.zz314.com/2017-02-19/8f2bc9d1196a013507b0c86d0074fdf6.png文件已存在：跳过
2017-02-20 13:48:47	http://yesky.img.zz314.com/2017-02-19/0537bcc187a97a3b7ff8ebf448d74a15.png文件已存在：跳过
2017-02-20 13:48:47	http://image.tianjimedia.com//uploadImages/2013/115/I68U9TJ66383_2.png文件已存在：跳过
2017-02-20 13:48:48	http://image.tianjimedia.com//uploadImages/2013/115/I68U9TJ66383_2.png文件已存在：跳过
2017-02-20 13:48:48	http://yesky.img.zz314.com/2017-02-19/907ff5ef180193e6398d898612c0f460.jpg文件已存在：跳过
2017-02-20 13:48:48	http://yesky.img.zz314.com/2017-02-19/01787a0a6857485aa9abde252454490f.jpg文件已存在：跳过
2017-02-20 13:48:48	http://yesky.img.zz314.com/2017-02-19/92bdcbb923e2c79c35f212c08b22e4ea.jpg文件已存在：跳过
2017-02-20 13:48:49	http://image.tianjimedia.com//uploadImages/2016/131/52/B21X72XC1WP4_2.png文件已存在：跳过
2017-02-20 13:48:49	http://image.tianjimedia.com//uploadImages/2016/131/52/B21X72XC1WP4_2.png文件已存在：跳过
2017-02-20 13:48:49	http://yesky.img.zz314.com/2017-02-17/5e62b2b7986b4d70ee8eac545a054561.jpg文件已存在：跳过
2017-02-20 13:48:49	http://image.tianjimedia.com/uploadImages/2014/174/36/J7QL6FB9MEXB.png文件已存在：跳过
2017-02-20 13:48:50	http://image.tianjimedia.com/uploadImages/2016/131/15/3ZS3AKZN261E.png文件已存在：跳过
2017-02-20 13:48:50	http://image.tianjimedia.com/uploadImages/2016/131/15/Y5MUO4N9XDCO.png文件已存在：跳过
2017-02-20 13:48:50	http://image.tianjimedia.com/uploadImages/2016/131/15/U9KHC10J6KZ3.png文件已存在：跳过
2017-02-20 13:48:51	http://image.tianjimedia.com/uploadImages/2016/131/15/0DT3MH0UX9N7.png文件已存在：跳过
2017-02-20 13:48:51	http://image.tianjimedia.com//uploadImages/2016/266/05/1NVQ8GC7Y649_2.png文件已存在：跳过
2017-02-20 13:48:51	http://image.tianjimedia.com//uploadImages/2016/266/05/1NVQ8GC7Y649_2.png文件已存在：跳过
2017-02-20 13:48:52	http://yesky.img.zz314.com/2016-12-10/712c95de260ee2664d2f3b960e8a6118.jpg文件已存在：跳过
2017-02-20 13:48:52	http://yesky.img.zz314.com/2016-12-10/77843eca248fd465ddec654336c1dbde.png文件已存在：跳过
2017-02-20 13:48:54	http://image.tianjimedia.com/uploadImages/2015/149/00/B68H620YPS05.png文件已存在：跳过
2017-02-20 13:48:54	http://image.tianjimedia.com/uploadImages/2014/267/56/UQ7QK0641084.png文件已存在：跳过
2017-02-20 13:48:55	http://image.tianjimedia.com/uploadImages/2014/267/57/I0SW53300LDO.png文件已存在：跳过
2017-02-20 13:48:55	http://image.tianjimedia.com/uploadImages/2015/149/02/DY1UBTG39805.png文件已存在：跳过
2017-02-20 13:48:56	http://yesky.img.zz314.com/2016-12-10/539f1b1650afb91fd7702e1e839f476c.png文件已存在：跳过
2017-02-20 13:48:56	http://image.tianjimedia.com//uploadImages/2014/064/H340VM446ZP6.png文件已存在：跳过
2017-02-20 13:48:56	http://image.tianjimedia.com//uploadImages/2014/064/H340VM446ZP6.png文件已存在：跳过
2017-02-20 13:48:56	http://yesky.img.zz314.com/2016-12-10/a453d1a0f457536d301b44c52ac8e96e.jpg文件已存在：跳过
2017-02-20 13:48:57	http://image.tianjimedia.com/uploadImages/2016/033/29/XT55D634E151.png文件已存在：跳过
2017-02-20 13:48:57	http://image.tianjimedia.com/uploadImages/2016/033/29/GHH516P5PGJM.png文件已存在：跳过
2017-02-20 13:48:57	http://image.tianjimedia.com/uploadImages/2016/033/29/B1SBET45QSD9.png文件已存在：跳过
2017-02-20 13:48:58	http://image.tianjimedia.com/uploadImages/2016/033/28/Z41I8Q9P06C9.png文件已存在：跳过
2017-02-20 13:48:58	http://image.tianjimedia.com/uploadImages/2016/033/29/K8Z90W181638.png文件已存在：跳过
2017-02-20 13:48:58	http://yesky.img.zz314.com/2017-01-13/767281598ed5bf4be916cf43b6298e64.png文件已存在：跳过
2017-02-20 13:48:59	http://yesky.img.zz314.com/2017-01-13/767281598ed5bf4be916cf43b6298e64.png文件已存在：跳过
2017-02-20 13:48:59	http://yesky.img.zz314.com/2016-12-02/79d08c8c385a6c2c1692e611b58e1853.jpg文件已存在：跳过
2017-02-20 13:48:59	http://yesky.img.zz314.com/2016-12-02/0751b5f7bdeb6f23dfb04949f5eeb383.png文件已存在：跳过
2017-02-20 13:48:59	http://yesky.img.zz314.com/2016-12-02/c27cb865e61c76a8a21c3d830e05f39d.png文件已存在：跳过
2017-02-20 13:48:59	http://yesky.img.zz314.com/2016-12-02/8c02ea0dee84af0c0a0501f822f991f0.png文件已存在：跳过
2017-02-20 13:48:59	http://yesky.img.zz314.com/2016-12-02/b85e5261472bed6d6061ec70c8ae2cc4.png文件已存在：跳过
2017-02-20 13:49:00	http://image.tianjimedia.com/uploadImages/2016/032/10/3O2L8PIVYT82.png文件已存在：跳过
2017-02-20 13:49:00	http://image.tianjimedia.com/uploadImages/2016/032/10/2QJHMN1JM51I.png文件已存在：跳过
2017-02-20 13:49:00	http://image.tianjimedia.com/uploadImages/2016/032/10/1X9Z92FPQE03.png文件已存在：跳过
2017-02-20 13:49:00	http://image.tianjimedia.com/uploadImages/2016/032/10/24I539SLO410.png文件已存在：跳过
2017-02-20 13:49:01	http://image.tianjimedia.com/uploadImages/2016/334/47/VOX1Z1Q2AK3X_2.jpg文件已存在：跳过
2017-02-20 13:49:01	http://image.tianjimedia.com/uploadImages/2016/334/47/VOX1Z1Q2AK3X_2.jpg文件已存在：跳过
2017-02-20 13:49:01	http://yesky.img.zz314.com/2017-02-17/b16d44f92e86d31c5d4b7f37497819db.jpg文件已存在：跳过
2017-02-20 13:49:01	http://image.tianjimedia.com/uploadImages/2016/334/44/4G901I3I0F62.jpg文件已存在：跳过
2017-02-20 13:49:02	http://image.tianjimedia.com/uploadImages/2016/334/43/2483B269Y42W.jpg文件已存在：跳过
2017-02-20 13:49:02	http://image.tianjimedia.com//uploadImages/2015/006/20/BOSVXHGH832X_2.png下载成功
2017-02-20 13:49:02	http://image.tianjimedia.com//uploadImages/2015/006/20/BOSVXHGH832X_2.png文件已存在：跳过
2017-02-20 13:49:02	http://yesky.img.zz314.com/2016-12-03/1274e4bc23d40c3b6990e8a6e6acc495.png下载成功
2017-02-20 13:49:02	http://yesky.img.zz314.com/2016-12-03/418a4890d73a397fa331736e67d78edf.jpg下载成功
2017-02-20 13:49:02	http://yesky.img.zz314.com/2016-12-03/ab156a03ee8cf96422872349f9a4ff11.jpg下载成功
2017-02-20 13:49:02	http://yesky.img.zz314.com/2016-12-03/ebabd6e7e4c4383c44067cb606cd3230.jpg下载成功
2017-02-20 13:49:03	http://yesky.img.zz314.com/2016-12-03/85dd0af387d21e59861b0b415d4a53c5.jpg下载成功
2017-02-20 13:49:03	http://image.tianjimedia.com/uploadImages/2015/062/23/UL42NV1TY171.png下载成功
2017-02-20 13:49:03	http://image.tianjimedia.com/uploadImages/2015/062/23/85C7VBNA0YJH.png下载成功
2017-02-20 13:49:04	http://image.tianjimedia.com/uploadImages/2016/046/09/XYG3B3A5GO17.jpg下载成功
2017-02-20 13:49:04	http://image.tianjimedia.com/uploadImages/2016/046/09/7AO05A228BP2.png下载成功
2017-02-20 13:49:04	http://yesky.img.zz314.com/2016-12-03/43b6d8784db3a4650110131da5072d35.jpg下载成功
2017-02-20 13:49:05	http://image.tianjimedia.com/uploadImages/2016/333/29/FR2TKUR29R8Q_2.jpg下载成功
2017-02-20 13:49:05	http://image.tianjimedia.com/uploadImages/2016/333/29/FR2TKUR29R8Q_2.jpg文件已存在：跳过
2017-02-20 13:49:05	http://yesky.img.zz314.com/2017-02-07/e35b7b8a07ef65ee9c275509f2fd13db.png下载成功
2017-02-20 13:49:05	http://image.tianjimedia.com/uploadImages/2016/333/31/08HC52634E5D.jpg下载成功
2017-02-20 13:49:05	http://image.tianjimedia.com/uploadImages/2016/333/30/8G2108W9S89L.jpg下载成功
2017-02-20 13:49:06	http://image.tianjimedia.com/uploadImages/2016/333/30/H3GST1DY749I.png下载成功
2017-02-20 13:49:06	http://image.tianjimedia.com//uploadImages/2016/321/21/3U8W9G024RCR_2.png下载成功
2017-02-20 13:49:07	http://image.tianjimedia.com//uploadImages/2016/321/21/3U8W9G024RCR_2.png文件已存在：跳过
2017-02-20 13:49:07	http://yesky.img.zz314.com/2017-02-17/19b2bedc98cf81a24cbdada3ee606b4b.jpg下载成功
2017-02-20 13:49:07	http://image.tianjimedia.com/uploadImages/2016/321/30/6NBQPIW57J91.png下载成功
2017-02-20 13:49:07	http://image.tianjimedia.com/uploadImages/2016/321/30/I97LL82Q88IX.png下载成功
2017-02-20 13:49:08	http://image.tianjimedia.com/uploadImages/2016/334/11/AYN48WGHIPH6_2.png下载成功
2017-02-20 13:49:08	http://image.tianjimedia.com/uploadImages/2016/334/11/AYN48WGHIPH6_2.png文件已存在：跳过
2017-02-20 13:49:08	http://yesky.img.zz314.com/2017-02-17/210523bece66b8e2f02b1db45fbfa3e5.png下载成功
2017-02-20 13:49:08	http://image.tianjimedia.com/uploadImages/2016/334/22/K5UOB44N03X2.jpg下载成功
2017-02-20 13:49:09	http://image.tianjimedia.com/uploadImages/2016/334/22/NT06QK4I0589.jpg下载成功
2017-02-20 13:49:09	http://image.tianjimedia.com/uploadImages/2016/334/22/3N73R8Q6XK38.jpg下载成功
2017-02-20 13:49:09	http://yesky.img.zz314.com/2017-02-17/139974a0c35bec274cf113af253a4b4f.jpg下载成功
2017-02-20 13:49:10	http://yesky.img.zz314.com/2017-02-17/e5a1a7b14b06153006c726cb72f12f16.jpg下载成功
2017-02-20 13:49:10	http://image.tianjimedia.com//uploadImages/2014/049/YOB74T4OIJ30_2.png下载成功
2017-02-20 13:49:10	http://image.tianjimedia.com//uploadImages/2014/049/YOB74T4OIJ30_2.png文件已存在：跳过
2017-02-20 13:49:10	http://yesky.img.zz314.com/2017-02-17/52a5848960f29cd8e19335f931306f06.jpg下载成功
2017-02-20 13:49:11	http://yesky.img.zz314.com/2017-02-17/8d07b340026dd0674b19488c38ce9527.png下载成功
2017-02-20 13:49:11	http://yesky.img.zz314.com/2017-02-17/fd27a43edf6169c2b4cc5bce5aaf8245.jpg下载成功
2017-02-20 13:49:11	http://yesky.img.zz314.com/2017-02-17/fd27a43edf6169c2b4cc5bce5aaf8245.jpg文件已存在：跳过
2017-02-20 13:49:11	http://yesky.img.zz314.com/2017-02-17/f53cb90af5058a1b3f8cbc621fa3f78c.jpg下载成功
2017-02-20 13:49:12	http://yesky.img.zz314.com/2017-02-17/9723832b1f63142931221eeefcd843c0.jpg下载成功
2017-02-20 13:49:12	http://yesky.img.zz314.com/2017-02-17/2b5b37e64573bb17ff35a036b11de956.jpg下载成功
2017-02-20 13:49:13	http://yesky.img.zz314.com/2017-02-17/7d3c569ff7fd0354012b30319695403d.jpg下载成功
2017-02-20 13:49:13	http://yesky.img.zz314.com/2017-02-17/c41ad7654a52d63e0aceb13f8cc6ec0f.jpg下载成功
2017-02-20 13:49:13	http://yesky.img.zz314.com/2017-02-17/ac08f604c3e581acdf3ceefc11b40726.jpg下载成功
2017-02-20 13:49:14	http://image.tianjimedia.com//uploadImages/2014/064/9E7M864M0QZI.png下载成功
2017-02-20 13:49:14	http://image.tianjimedia.com//uploadImages/2014/064/9E7M864M0QZI.png文件已存在：跳过
2017-02-20 13:49:14	http://yesky.img.zz314.com/2017-01-03/9dcc415ef5e64d95346c857c3123fdd9.jpg下载成功
2017-02-20 13:49:15	http://yesky.img.zz314.com/2017-02-17/01c451312203f2ce18ca4fcfc674d7e4.png下载成功
2017-02-20 13:49:15	http://image.tianjimedia.com/uploadImages/2013/261/682Z8O083K40.jpg下载成功
2017-02-20 13:49:15	http://image.tianjimedia.com//uploadImages/2014/064/W64U7843PAYU.png下载成功
2017-02-20 13:49:16	http://image.tianjimedia.com//uploadImages/2014/064/W64U7843PAYU.png文件已存在：跳过
2017-02-20 13:49:16	http://yesky.img.zz314.com/2017-02-17/fd8bc28a025172231813d7204a65aeab.jpg下载成功
2017-02-20 13:49:16	http://yesky.img.zz314.com/2017-02-17/f459fed8d6a5a50b6c751f0ecc3fb526.jpg下载成功
2017-02-20 13:49:16	http://yesky.img.zz314.com/2017-02-17/4b6c11153baaa646a62c6a8ce859ff88.jpg下载成功
2017-02-20 13:49:17	http://yesky.img.zz314.com/2017-02-17/8c120d8e27978f025a9ec3ac7bf413c5.jpg下载成功
2017-02-20 13:49:17	http://yesky.img.zz314.com/2017-02-17/7fff9025da396de6644110c06d05f224.jpg下载成功
